[INFO  - 2016-02-07T10:29:23.926Z] GhostDriver - Main - running on port 28640
[INFO  - 2016-02-07T10:29:24.461Z] Session [a86a4770-cd85-11e5-84ca-dfbb2259acbb] - page.settings - {"XSSAuditingEnabled":false,"javascriptCanCloseWindows":true,"javascriptCanOpenWindows":true,"javascriptEnabled":true,"loadImages":true,"localToRemoteUrlAccessEnabled":false,"userAgent":"Mozilla/5.0 (Macintosh; Intel Mac OS X) AppleWebKit/538.1 (KHTML, like Gecko) PhantomJS/2.0.0 Safari/538.1","webSecurityEnabled":true}
[INFO  - 2016-02-07T10:29:24.461Z] Session [a86a4770-cd85-11e5-84ca-dfbb2259acbb] - page.customHeaders:  - {}
[INFO  - 2016-02-07T10:29:24.461Z] Session [a86a4770-cd85-11e5-84ca-dfbb2259acbb] - Session.negotiatedCapabilities - {"browserName":"phantomjs","version":"2.0.0","driverName":"ghostdriver","driverVersion":"1.2.0","platform":"mac-10.9 (Mavericks)-64bit","javascriptEnabled":true,"takesScreenshot":true,"handlesAlerts":false,"databaseEnabled":false,"locationContextEnabled":false,"applicationCacheEnabled":false,"browserConnectionEnabled":false,"cssSelectorsEnabled":true,"webStorageEnabled":false,"rotatable":false,"acceptSslCerts":false,"nativeEvents":true,"proxy":{"proxyType":"direct"}}
[INFO  - 2016-02-07T10:29:24.461Z] SessionManagerReqHand - _postNewSessionCommand - New Session Created: a86a4770-cd85-11e5-84ca-dfbb2259acbb
[ERROR - 2016-02-07T10:29:26.293Z] WebElementLocator - _handleLocateCommand - Element(s) NOT Found: GAVE UP. Search Stop Time: 1454840966255
[ERROR - 2016-02-07T10:29:27.436Z] WebElementLocator - _handleLocateCommand - Element(s) NOT Found: GAVE UP. Search Stop Time: 1454840967408
[ERROR - 2016-02-07T10:29:28.418Z] WebElementLocator - _handleLocateCommand - Element(s) NOT Found: GAVE UP. Search Stop Time: 1454840968388
[ERROR - 2016-02-07T10:29:29.389Z] WebElementLocator - _handleLocateCommand - Element(s) NOT Found: GAVE UP. Search Stop Time: 1454840969357
[ERROR - 2016-02-07T10:29:30.384Z] WebElementLocator - _handleLocateCommand - Element(s) NOT Found: GAVE UP. Search Stop Time: 1454840970329
[ERROR - 2016-02-07T10:29:31.361Z] WebElementLocator - _handleLocateCommand - Element(s) NOT Found: GAVE UP. Search Stop Time: 1454840971334
[ERROR - 2016-02-07T10:29:32.319Z] WebElementLocator - _handleLocateCommand - Element(s) NOT Found: GAVE UP. Search Stop Time: 1454840972290
[ERROR - 2016-02-07T10:29:33.295Z] WebElementLocator - _handleLocateCommand - Element(s) NOT Found: GAVE UP. Search Stop Time: 1454840973268
[ERROR - 2016-02-07T10:29:34.280Z] WebElementLocator - _handleLocateCommand - Element(s) NOT Found: GAVE UP. Search Stop Time: 1454840974250
[ERROR - 2016-02-07T10:29:35.253Z] WebElementLocator - _handleLocateCommand - Element(s) NOT Found: GAVE UP. Search Stop Time: 1454840975228
[ERROR - 2016-02-07T10:29:36.257Z] WebElementLocator - _handleLocateCommand - Element(s) NOT Found: GAVE UP. Search Stop Time: 1454840976230
[INFO  - 2016-02-07T10:34:23.921Z] SessionManagerReqHand - _cleanupWindowlessSessions - Asynchronous Sessions clean-up phase starting NOW
[INFO  - 2016-02-07T10:34:23.921Z] SessionManagerReqHand - _cleanupWindowlessSessions - Deleted Session 'a86a4770-cd85-11e5-84ca-dfbb2259acbb', because windowless
[INFO  - 2016-02-07T15:05:31.077Z] GhostDriver - Main - running on port 45164
[INFO  - 2016-02-07T15:05:31.744Z] Session [3b4932b0-cdac-11e5-8d5e-2d6396a47d27] - page.settings - {"XSSAuditingEnabled":false,"javascriptCanCloseWindows":true,"javascriptCanOpenWindows":true,"javascriptEnabled":true,"loadImages":true,"localToRemoteUrlAccessEnabled":false,"userAgent":"Mozilla/5.0 (Macintosh; Intel Mac OS X) AppleWebKit/538.1 (KHTML, like Gecko) PhantomJS/2.0.0 Safari/538.1","webSecurityEnabled":true}
[INFO  - 2016-02-07T15:05:31.744Z] Session [3b4932b0-cdac-11e5-8d5e-2d6396a47d27] - page.customHeaders:  - {}
[INFO  - 2016-02-07T15:05:31.745Z] Session [3b4932b0-cdac-11e5-8d5e-2d6396a47d27] - Session.negotiatedCapabilities - {"browserName":"phantomjs","version":"2.0.0","driverName":"ghostdriver","driverVersion":"1.2.0","platform":"mac-10.9 (Mavericks)-64bit","javascriptEnabled":true,"takesScreenshot":true,"handlesAlerts":false,"databaseEnabled":false,"locationContextEnabled":false,"applicationCacheEnabled":false,"browserConnectionEnabled":false,"cssSelectorsEnabled":true,"webStorageEnabled":false,"rotatable":false,"acceptSslCerts":false,"nativeEvents":true,"proxy":{"proxyType":"direct"}}
[INFO  - 2016-02-07T15:05:31.745Z] SessionManagerReqHand - _postNewSessionCommand - New Session Created: 3b4932b0-cdac-11e5-8d5e-2d6396a47d27
[ERROR - 2016-02-07T15:05:34.714Z] WebElementLocator - _handleLocateCommand - Element(s) NOT Found: GAVE UP. Search Stop Time: 1454857534669
[ERROR - 2016-02-07T15:05:35.849Z] WebElementLocator - _handleLocateCommand - Element(s) NOT Found: GAVE UP. Search Stop Time: 1454857535816
[ERROR - 2016-02-07T15:05:36.819Z] WebElementLocator - _handleLocateCommand - Element(s) NOT Found: GAVE UP. Search Stop Time: 1454857536786
[ERROR - 2016-02-07T15:05:37.783Z] WebElementLocator - _handleLocateCommand - Element(s) NOT Found: GAVE UP. Search Stop Time: 1454857537748
[ERROR - 2016-02-07T15:05:38.759Z] WebElementLocator - _handleLocateCommand - Element(s) NOT Found: GAVE UP. Search Stop Time: 1454857538718
[ERROR - 2016-02-07T15:05:39.715Z] WebElementLocator - _handleLocateCommand - Element(s) NOT Found: GAVE UP. Search Stop Time: 1454857539689
[ERROR - 2016-02-07T15:05:40.670Z] WebElementLocator - _handleLocateCommand - Element(s) NOT Found: GAVE UP. Search Stop Time: 1454857540645
[ERROR - 2016-02-07T15:05:41.630Z] WebElementLocator - _handleLocateCommand - Element(s) NOT Found: GAVE UP. Search Stop Time: 1454857541597
[ERROR - 2016-02-07T15:05:42.592Z] WebElementLocator - _handleLocateCommand - Element(s) NOT Found: GAVE UP. Search Stop Time: 1454857542567
[ERROR - 2016-02-07T15:05:43.545Z] WebElementLocator - _handleLocateCommand - Element(s) NOT Found: GAVE UP. Search Stop Time: 1454857543520
[ERROR - 2016-02-07T15:05:44.523Z] WebElementLocator - _handleLocateCommand - Element(s) NOT Found: GAVE UP. Search Stop Time: 1454857544491
[INFO  - 2016-02-07T15:10:31.064Z] SessionManagerReqHand - _cleanupWindowlessSessions - Asynchronous Sessions clean-up phase starting NOW
[INFO  - 2016-02-07T15:10:31.064Z] SessionManagerReqHand - _cleanupWindowlessSessions - Deleted Session '3b4932b0-cdac-11e5-8d5e-2d6396a47d27', because windowless
[INFO  - 2016-02-07T15:13:54.562Z] GhostDriver - Main - running on port 11839
[INFO  - 2016-02-07T15:13:54.861Z] Session [672ac280-cdad-11e5-a4be-9fb6dacc9195] - page.settings - {"XSSAuditingEnabled":false,"javascriptCanCloseWindows":true,"javascriptCanOpenWindows":true,"javascriptEnabled":true,"loadImages":true,"localToRemoteUrlAccessEnabled":false,"userAgent":"Mozilla/5.0 (Macintosh; Intel Mac OS X) AppleWebKit/538.1 (KHTML, like Gecko) PhantomJS/2.0.0 Safari/538.1","webSecurityEnabled":true}
[INFO  - 2016-02-07T15:13:54.861Z] Session [672ac280-cdad-11e5-a4be-9fb6dacc9195] - page.customHeaders:  - {}
[INFO  - 2016-02-07T15:13:54.862Z] Session [672ac280-cdad-11e5-a4be-9fb6dacc9195] - Session.negotiatedCapabilities - {"browserName":"phantomjs","version":"2.0.0","driverName":"ghostdriver","driverVersion":"1.2.0","platform":"mac-10.9 (Mavericks)-64bit","javascriptEnabled":true,"takesScreenshot":true,"handlesAlerts":false,"databaseEnabled":false,"locationContextEnabled":false,"applicationCacheEnabled":false,"browserConnectionEnabled":false,"cssSelectorsEnabled":true,"webStorageEnabled":false,"rotatable":false,"acceptSslCerts":false,"nativeEvents":true,"proxy":{"proxyType":"direct"}}
[INFO  - 2016-02-07T15:13:54.862Z] SessionManagerReqHand - _postNewSessionCommand - New Session Created: 672ac280-cdad-11e5-a4be-9fb6dacc9195
[ERROR - 2016-02-07T15:13:57.230Z] WebElementLocator - _handleLocateCommand - Element(s) NOT Found: GAVE UP. Search Stop Time: 1454858037197
[ERROR - 2016-02-07T15:13:58.353Z] WebElementLocator - _handleLocateCommand - Element(s) NOT Found: GAVE UP. Search Stop Time: 1454858038327
[ERROR - 2016-02-07T15:13:59.319Z] WebElementLocator - _handleLocateCommand - Element(s) NOT Found: GAVE UP. Search Stop Time: 1454858039288
[ERROR - 2016-02-07T15:14:00.309Z] WebElementLocator - _handleLocateCommand - Element(s) NOT Found: GAVE UP. Search Stop Time: 1454858040282
[ERROR - 2016-02-07T15:14:01.292Z] WebElementLocator - _handleLocateCommand - Element(s) NOT Found: GAVE UP. Search Stop Time: 1454858041241
[ERROR - 2016-02-07T15:14:02.258Z] WebElementLocator - _handleLocateCommand - Element(s) NOT Found: GAVE UP. Search Stop Time: 1454858042228
[ERROR - 2016-02-07T15:14:03.215Z] WebElementLocator - _handleLocateCommand - Element(s) NOT Found: GAVE UP. Search Stop Time: 1454858043188
[ERROR - 2016-02-07T15:14:04.194Z] WebElementLocator - _handleLocateCommand - Element(s) NOT Found: GAVE UP. Search Stop Time: 1454858044165
[ERROR - 2016-02-07T15:14:05.164Z] WebElementLocator - _handleLocateCommand - Element(s) NOT Found: GAVE UP. Search Stop Time: 1454858045128
[ERROR - 2016-02-07T15:14:06.129Z] WebElementLocator - _handleLocateCommand - Element(s) NOT Found: GAVE UP. Search Stop Time: 1454858046100
[ERROR - 2016-02-07T15:14:07.089Z] WebElementLocator - _handleLocateCommand - Element(s) NOT Found: GAVE UP. Search Stop Time: 1454858047063
[INFO  - 2016-02-07T15:18:54.545Z] SessionManagerReqHand - _cleanupWindowlessSessions - Asynchronous Sessions clean-up phase starting NOW
[INFO  - 2016-02-07T15:18:54.545Z] SessionManagerReqHand - _cleanupWindowlessSessions - Deleted Session '672ac280-cdad-11e5-a4be-9fb6dacc9195', because windowless
[INFO  - 2016-02-07T15:27:40.125Z] GhostDriver - Main - running on port 44468
[INFO  - 2016-02-07T15:27:40.512Z] Session [534b1ab0-cdaf-11e5-897f-c93e2b7eae65] - page.settings - {"XSSAuditingEnabled":false,"javascriptCanCloseWindows":true,"javascriptCanOpenWindows":true,"javascriptEnabled":true,"loadImages":true,"localToRemoteUrlAccessEnabled":false,"userAgent":"Mozilla/5.0 (Macintosh; Intel Mac OS X) AppleWebKit/538.1 (KHTML, like Gecko) PhantomJS/2.0.0 Safari/538.1","webSecurityEnabled":true}
[INFO  - 2016-02-07T15:27:40.512Z] Session [534b1ab0-cdaf-11e5-897f-c93e2b7eae65] - page.customHeaders:  - {}
[INFO  - 2016-02-07T15:27:40.512Z] Session [534b1ab0-cdaf-11e5-897f-c93e2b7eae65] - Session.negotiatedCapabilities - {"browserName":"phantomjs","version":"2.0.0","driverName":"ghostdriver","driverVersion":"1.2.0","platform":"mac-10.9 (Mavericks)-64bit","javascriptEnabled":true,"takesScreenshot":true,"handlesAlerts":false,"databaseEnabled":false,"locationContextEnabled":false,"applicationCacheEnabled":false,"browserConnectionEnabled":false,"cssSelectorsEnabled":true,"webStorageEnabled":false,"rotatable":false,"acceptSslCerts":false,"nativeEvents":true,"proxy":{"proxyType":"direct"}}
[INFO  - 2016-02-07T15:27:40.512Z] SessionManagerReqHand - _postNewSessionCommand - New Session Created: 534b1ab0-cdaf-11e5-897f-c93e2b7eae65
[ERROR - 2016-02-07T15:27:43.421Z] WebElementLocator - _handleLocateCommand - Element(s) NOT Found: GAVE UP. Search Stop Time: 1454858863366
[ERROR - 2016-02-07T15:27:44.561Z] WebElementLocator - _handleLocateCommand - Element(s) NOT Found: GAVE UP. Search Stop Time: 1454858864528
[ERROR - 2016-02-07T15:27:45.536Z] WebElementLocator - _handleLocateCommand - Element(s) NOT Found: GAVE UP. Search Stop Time: 1454858865503
[ERROR - 2016-02-07T15:27:46.504Z] WebElementLocator - _handleLocateCommand - Element(s) NOT Found: GAVE UP. Search Stop Time: 1454858866468
[ERROR - 2016-02-07T15:27:47.471Z] WebElementLocator - _handleLocateCommand - Element(s) NOT Found: GAVE UP. Search Stop Time: 1454858867432
[ERROR - 2016-02-07T15:27:48.457Z] WebElementLocator - _handleLocateCommand - Element(s) NOT Found: GAVE UP. Search Stop Time: 1454858868421
[ERROR - 2016-02-07T15:27:49.434Z] WebElementLocator - _handleLocateCommand - Element(s) NOT Found: GAVE UP. Search Stop Time: 1454858869404
[ERROR - 2016-02-07T15:27:50.398Z] WebElementLocator - _handleLocateCommand - Element(s) NOT Found: GAVE UP. Search Stop Time: 1454858870370
[ERROR - 2016-02-07T15:27:51.376Z] WebElementLocator - _handleLocateCommand - Element(s) NOT Found: GAVE UP. Search Stop Time: 1454858871345
[ERROR - 2016-02-07T15:27:52.359Z] WebElementLocator - _handleLocateCommand - Element(s) NOT Found: GAVE UP. Search Stop Time: 1454858872331
[ERROR - 2016-02-07T15:27:53.346Z] WebElementLocator - _handleLocateCommand - Element(s) NOT Found: GAVE UP. Search Stop Time: 1454858873313
[INFO  - 2016-02-07T15:32:40.120Z] SessionManagerReqHand - _cleanupWindowlessSessions - Asynchronous Sessions clean-up phase starting NOW
[INFO  - 2016-02-07T15:32:40.128Z] SessionManagerReqHand - _cleanupWindowlessSessions - Deleted Session '534b1ab0-cdaf-11e5-897f-c93e2b7eae65', because windowless
[INFO  - 2016-02-07T15:35:34.236Z] GhostDriver - Main - running on port 41344
[INFO  - 2016-02-07T15:35:34.614Z] Session [6de12d00-cdb0-11e5-a7e3-27b2d9f7a752] - page.settings - {"XSSAuditingEnabled":false,"javascriptCanCloseWindows":true,"javascriptCanOpenWindows":true,"javascriptEnabled":true,"loadImages":true,"localToRemoteUrlAccessEnabled":false,"userAgent":"Mozilla/5.0 (Macintosh; Intel Mac OS X) AppleWebKit/538.1 (KHTML, like Gecko) PhantomJS/2.0.0 Safari/538.1","webSecurityEnabled":true}
[INFO  - 2016-02-07T15:35:34.614Z] Session [6de12d00-cdb0-11e5-a7e3-27b2d9f7a752] - page.customHeaders:  - {}
[INFO  - 2016-02-07T15:35:34.614Z] Session [6de12d00-cdb0-11e5-a7e3-27b2d9f7a752] - Session.negotiatedCapabilities - {"browserName":"phantomjs","version":"2.0.0","driverName":"ghostdriver","driverVersion":"1.2.0","platform":"mac-10.9 (Mavericks)-64bit","javascriptEnabled":true,"takesScreenshot":true,"handlesAlerts":false,"databaseEnabled":false,"locationContextEnabled":false,"applicationCacheEnabled":false,"browserConnectionEnabled":false,"cssSelectorsEnabled":true,"webStorageEnabled":false,"rotatable":false,"acceptSslCerts":false,"nativeEvents":true,"proxy":{"proxyType":"direct"}}
[INFO  - 2016-02-07T15:35:34.614Z] SessionManagerReqHand - _postNewSessionCommand - New Session Created: 6de12d00-cdb0-11e5-a7e3-27b2d9f7a752
[ERROR - 2016-02-07T15:35:37.393Z] WebElementLocator - _handleLocateCommand - Element(s) NOT Found: GAVE UP. Search Stop Time: 1454859337358
[ERROR - 2016-02-07T15:35:38.530Z] WebElementLocator - _handleLocateCommand - Element(s) NOT Found: GAVE UP. Search Stop Time: 1454859338494
[ERROR - 2016-02-07T15:35:39.524Z] WebElementLocator - _handleLocateCommand - Element(s) NOT Found: GAVE UP. Search Stop Time: 1454859339490
[ERROR - 2016-02-07T15:35:40.494Z] WebElementLocator - _handleLocateCommand - Element(s) NOT Found: GAVE UP. Search Stop Time: 1454859340457
[ERROR - 2016-02-07T15:35:41.489Z] WebElementLocator - _handleLocateCommand - Element(s) NOT Found: GAVE UP. Search Stop Time: 1454859341440
[ERROR - 2016-02-07T15:35:42.456Z] WebElementLocator - _handleLocateCommand - Element(s) NOT Found: GAVE UP. Search Stop Time: 1454859342432
[ERROR - 2016-02-07T15:35:43.425Z] WebElementLocator - _handleLocateCommand - Element(s) NOT Found: GAVE UP. Search Stop Time: 1454859343391
[ERROR - 2016-02-07T15:35:44.407Z] WebElementLocator - _handleLocateCommand - Element(s) NOT Found: GAVE UP. Search Stop Time: 1454859344379
[ERROR - 2016-02-07T15:35:45.392Z] WebElementLocator - _handleLocateCommand - Element(s) NOT Found: GAVE UP. Search Stop Time: 1454859345356
[ERROR - 2016-02-07T15:35:46.370Z] WebElementLocator - _handleLocateCommand - Element(s) NOT Found: GAVE UP. Search Stop Time: 1454859346338
[ERROR - 2016-02-07T15:35:47.357Z] WebElementLocator - _handleLocateCommand - Element(s) NOT Found: GAVE UP. Search Stop Time: 1454859347328
[INFO  - 2016-02-07T15:40:34.224Z] SessionManagerReqHand - _cleanupWindowlessSessions - Asynchronous Sessions clean-up phase starting NOW
[INFO  - 2016-02-07T15:40:34.225Z] SessionManagerReqHand - _cleanupWindowlessSessions - Deleted Session '6de12d00-cdb0-11e5-a7e3-27b2d9f7a752', because windowless
[INFO  - 2016-02-07T16:31:43.695Z] GhostDriver - Main - running on port 14761
[INFO  - 2016-02-07T16:31:44.001Z] Session [4630d4b0-cdb8-11e5-bf10-4d0267ea1b68] - page.settings - {"XSSAuditingEnabled":false,"javascriptCanCloseWindows":true,"javascriptCanOpenWindows":true,"javascriptEnabled":true,"loadImages":true,"localToRemoteUrlAccessEnabled":false,"userAgent":"Mozilla/5.0 (Macintosh; Intel Mac OS X 10_10_1) AppleWebKit/537.36 (KHTML, like Gecko) Chrome/41.0.2227.1 Safari/537.36","webSecurityEnabled":true}
[INFO  - 2016-02-07T16:31:44.001Z] Session [4630d4b0-cdb8-11e5-bf10-4d0267ea1b68] - page.customHeaders:  - {}
[INFO  - 2016-02-07T16:31:44.001Z] Session [4630d4b0-cdb8-11e5-bf10-4d0267ea1b68] - Session.negotiatedCapabilities - {"browserName":"phantomjs","version":"2.0.0","driverName":"ghostdriver","driverVersion":"1.2.0","platform":"mac-10.9 (Mavericks)-64bit","javascriptEnabled":true,"takesScreenshot":true,"handlesAlerts":false,"databaseEnabled":false,"locationContextEnabled":false,"applicationCacheEnabled":false,"browserConnectionEnabled":false,"cssSelectorsEnabled":true,"webStorageEnabled":false,"rotatable":false,"acceptSslCerts":false,"nativeEvents":true,"proxy":{"proxyType":"direct"},"phantomjs.page.settings.userAgent":"Mozilla/5.0 (Macintosh; Intel Mac OS X 10_10_1) AppleWebKit/537.36 (KHTML, like Gecko) Chrome/41.0.2227.1 Safari/537.36"}
[INFO  - 2016-02-07T16:31:44.001Z] SessionManagerReqHand - _postNewSessionCommand - New Session Created: 4630d4b0-cdb8-11e5-bf10-4d0267ea1b68
[ERROR - 2016-02-07T16:31:48.668Z] WebElementLocator - _handleLocateCommand - Element(s) NOT Found: GAVE UP. Search Stop Time: 1454862708629
[INFO  - 2016-02-07T16:36:44.138Z] SessionManagerReqHand - _cleanupWindowlessSessions - Asynchronous Sessions clean-up phase starting NOW
[INFO  - 2016-02-07T16:36:44.138Z] SessionManagerReqHand - _cleanupWindowlessSessions - Deleted Session '4630d4b0-cdb8-11e5-bf10-4d0267ea1b68', because windowless
[INFO  - 2016-02-13T16:33:05.923Z] GhostDriver - Main - running on port 45863
[INFO  - 2016-02-13T16:33:06.472Z] Session [75d34110-d26f-11e5-a4b8-ab5a92bba473] - page.settings - {"XSSAuditingEnabled":false,"javascriptCanCloseWindows":true,"javascriptCanOpenWindows":true,"javascriptEnabled":true,"loadImages":true,"localToRemoteUrlAccessEnabled":false,"userAgent":"Mozilla/5.0 (Macintosh; Intel Mac OS X 10_10_1) AppleWebKit/537.36 (KHTML, like Gecko) Chrome/41.0.2227.1 Safari/537.36","webSecurityEnabled":true}
[INFO  - 2016-02-13T16:33:06.472Z] Session [75d34110-d26f-11e5-a4b8-ab5a92bba473] - page.customHeaders:  - {}
[INFO  - 2016-02-13T16:33:06.472Z] Session [75d34110-d26f-11e5-a4b8-ab5a92bba473] - Session.negotiatedCapabilities - {"browserName":"phantomjs","version":"2.0.0","driverName":"ghostdriver","driverVersion":"1.2.0","platform":"mac-10.9 (Mavericks)-64bit","javascriptEnabled":true,"takesScreenshot":true,"handlesAlerts":false,"databaseEnabled":false,"locationContextEnabled":false,"applicationCacheEnabled":false,"browserConnectionEnabled":false,"cssSelectorsEnabled":true,"webStorageEnabled":false,"rotatable":false,"acceptSslCerts":false,"nativeEvents":true,"proxy":{"proxyType":"direct"},"phantomjs.page.settings.userAgent":"Mozilla/5.0 (Macintosh; Intel Mac OS X 10_10_1) AppleWebKit/537.36 (KHTML, like Gecko) Chrome/41.0.2227.1 Safari/537.36"}
[INFO  - 2016-02-13T16:33:06.472Z] SessionManagerReqHand - _postNewSessionCommand - New Session Created: 75d34110-d26f-11e5-a4b8-ab5a92bba473
[ERROR - 2016-02-13T16:33:09.769Z] WebElementLocator - _handleLocateCommand - Element(s) NOT Found: GAVE UP. Search Stop Time: 1455381189759
[INFO  - 2016-02-13T16:38:05.922Z] SessionManagerReqHand - _cleanupWindowlessSessions - Asynchronous Sessions clean-up phase starting NOW
[INFO  - 2016-02-13T16:38:05.923Z] SessionManagerReqHand - _cleanupWindowlessSessions - Deleted Session '75d34110-d26f-11e5-a4b8-ab5a92bba473', because windowless
[INFO  - 2016-02-13T18:02:37.617Z] GhostDriver - Main - running on port 11233
[INFO  - 2016-02-13T18:02:37.931Z] Session [f776da40-d27b-11e5-a69f-d52499785092] - page.settings - {"XSSAuditingEnabled":false,"javascriptCanCloseWindows":true,"javascriptCanOpenWindows":true,"javascriptEnabled":true,"loadImages":true,"localToRemoteUrlAccessEnabled":false,"userAgent":"Mozilla/5.0 (Macintosh; Intel Mac OS X 10_10_1) AppleWebKit/537.36 (KHTML, like Gecko) Chrome/41.0.2227.1 Safari/537.36","webSecurityEnabled":true}
[INFO  - 2016-02-13T18:02:37.931Z] Session [f776da40-d27b-11e5-a69f-d52499785092] - page.customHeaders:  - {}
[INFO  - 2016-02-13T18:02:37.931Z] Session [f776da40-d27b-11e5-a69f-d52499785092] - Session.negotiatedCapabilities - {"browserName":"phantomjs","version":"2.0.0","driverName":"ghostdriver","driverVersion":"1.2.0","platform":"mac-10.9 (Mavericks)-64bit","javascriptEnabled":true,"takesScreenshot":true,"handlesAlerts":false,"databaseEnabled":false,"locationContextEnabled":false,"applicationCacheEnabled":false,"browserConnectionEnabled":false,"cssSelectorsEnabled":true,"webStorageEnabled":false,"rotatable":false,"acceptSslCerts":false,"nativeEvents":true,"proxy":{"proxyType":"direct"},"phantomjs.page.settings.userAgent":"Mozilla/5.0 (Macintosh; Intel Mac OS X 10_10_1) AppleWebKit/537.36 (KHTML, like Gecko) Chrome/41.0.2227.1 Safari/537.36"}
[INFO  - 2016-02-13T18:02:37.931Z] SessionManagerReqHand - _postNewSessionCommand - New Session Created: f776da40-d27b-11e5-a69f-d52499785092
[INFO  - 2016-02-13T18:06:14.853Z] GhostDriver - Main - running on port 17220
[INFO  - 2016-02-13T18:06:15.488Z] Session [79236a90-d27c-11e5-8b6e-0f2038f389c2] - page.settings - {"XSSAuditingEnabled":false,"javascriptCanCloseWindows":true,"javascriptCanOpenWindows":true,"javascriptEnabled":true,"loadImages":true,"localToRemoteUrlAccessEnabled":false,"userAgent":"Mozilla/5.0 (Macintosh; Intel Mac OS X 10_10_1) AppleWebKit/537.36 (KHTML, like Gecko) Chrome/41.0.2227.1 Safari/537.36","webSecurityEnabled":true}
[INFO  - 2016-02-13T18:06:15.489Z] Session [79236a90-d27c-11e5-8b6e-0f2038f389c2] - page.customHeaders:  - {}
[INFO  - 2016-02-13T18:06:15.489Z] Session [79236a90-d27c-11e5-8b6e-0f2038f389c2] - Session.negotiatedCapabilities - {"browserName":"phantomjs","version":"2.0.0","driverName":"ghostdriver","driverVersion":"1.2.0","platform":"mac-10.9 (Mavericks)-64bit","javascriptEnabled":true,"takesScreenshot":true,"handlesAlerts":false,"databaseEnabled":false,"locationContextEnabled":false,"applicationCacheEnabled":false,"browserConnectionEnabled":false,"cssSelectorsEnabled":true,"webStorageEnabled":false,"rotatable":false,"acceptSslCerts":false,"nativeEvents":true,"proxy":{"proxyType":"direct"},"phantomjs.page.settings.userAgent":"Mozilla/5.0 (Macintosh; Intel Mac OS X 10_10_1) AppleWebKit/537.36 (KHTML, like Gecko) Chrome/41.0.2227.1 Safari/537.36"}
[INFO  - 2016-02-13T18:06:15.489Z] SessionManagerReqHand - _postNewSessionCommand - New Session Created: 79236a90-d27c-11e5-8b6e-0f2038f389c2
[ERROR - 2016-02-13T18:06:18.225Z] WebElementLocator - _handleLocateCommand - Element(s) NOT Found: GAVE UP. Search Stop Time: 1455386778183
[INFO  - 2016-02-13T18:07:37.777Z] SessionManagerReqHand - _cleanupWindowlessSessions - Asynchronous Sessions clean-up phase starting NOW
[INFO  - 2016-02-13T18:07:37.778Z] SessionManagerReqHand - _cleanupWindowlessSessions - Deleted Session 'f776da40-d27b-11e5-a69f-d52499785092', because windowless
[INFO  - 2016-02-13T18:11:14.817Z] SessionManagerReqHand - _cleanupWindowlessSessions - Asynchronous Sessions clean-up phase starting NOW
[INFO  - 2016-02-13T18:11:14.829Z] SessionManagerReqHand - _cleanupWindowlessSessions - Deleted Session '79236a90-d27c-11e5-8b6e-0f2038f389c2', because windowless
[INFO  - 2016-02-14T07:16:19.373Z] GhostDriver - Main - running on port 16043
[INFO  - 2016-02-14T07:16:19.793Z] Session [d84e52a0-d2ea-11e5-9557-af374a853d71] - page.settings - {"XSSAuditingEnabled":false,"javascriptCanCloseWindows":true,"javascriptCanOpenWindows":true,"javascriptEnabled":true,"loadImages":true,"localToRemoteUrlAccessEnabled":false,"userAgent":"Mozilla/5.0 (Macintosh; Intel Mac OS X 10_10_1) AppleWebKit/537.36 (KHTML, like Gecko) Chrome/41.0.2227.1 Safari/537.36","webSecurityEnabled":true}
[INFO  - 2016-02-14T07:16:19.793Z] Session [d84e52a0-d2ea-11e5-9557-af374a853d71] - page.customHeaders:  - {}
[INFO  - 2016-02-14T07:16:19.793Z] Session [d84e52a0-d2ea-11e5-9557-af374a853d71] - Session.negotiatedCapabilities - {"browserName":"phantomjs","version":"2.0.0","driverName":"ghostdriver","driverVersion":"1.2.0","platform":"mac-10.9 (Mavericks)-64bit","javascriptEnabled":true,"takesScreenshot":true,"handlesAlerts":false,"databaseEnabled":false,"locationContextEnabled":false,"applicationCacheEnabled":false,"browserConnectionEnabled":false,"cssSelectorsEnabled":true,"webStorageEnabled":false,"rotatable":false,"acceptSslCerts":false,"nativeEvents":true,"proxy":{"proxyType":"direct"},"phantomjs.page.settings.userAgent":"Mozilla/5.0 (Macintosh; Intel Mac OS X 10_10_1) AppleWebKit/537.36 (KHTML, like Gecko) Chrome/41.0.2227.1 Safari/537.36"}
[INFO  - 2016-02-14T07:16:19.793Z] SessionManagerReqHand - _postNewSessionCommand - New Session Created: d84e52a0-d2ea-11e5-9557-af374a853d71
[INFO  - 2016-02-14T07:21:19.474Z] SessionManagerReqHand - _cleanupWindowlessSessions - Asynchronous Sessions clean-up phase starting NOW
[INFO  - 2016-02-14T07:26:19.465Z] SessionManagerReqHand - _cleanupWindowlessSessions - Asynchronous Sessions clean-up phase starting NOW
[INFO  - 2016-02-14T07:31:19.471Z] SessionManagerReqHand - _cleanupWindowlessSessions - Asynchronous Sessions clean-up phase starting NOW
[INFO  - 2016-02-14T07:36:19.467Z] SessionManagerReqHand - _cleanupWindowlessSessions - Asynchronous Sessions clean-up phase starting NOW
[INFO  - 2016-02-14T07:39:51.420Z] GhostDriver - Main - running on port 7412
[INFO  - 2016-02-14T07:39:51.906Z] Session [21fdaab0-d2ee-11e5-8ccf-03fcad229796] - page.settings - {"XSSAuditingEnabled":false,"javascriptCanCloseWindows":true,"javascriptCanOpenWindows":true,"javascriptEnabled":true,"loadImages":true,"localToRemoteUrlAccessEnabled":false,"userAgent":"Mozilla/5.0 (Macintosh; Intel Mac OS X 10_10_1) AppleWebKit/537.36 (KHTML, like Gecko) Chrome/41.0.2227.1 Safari/537.36","webSecurityEnabled":true}
[INFO  - 2016-02-14T07:39:51.906Z] Session [21fdaab0-d2ee-11e5-8ccf-03fcad229796] - page.customHeaders:  - {}
[INFO  - 2016-02-14T07:39:51.906Z] Session [21fdaab0-d2ee-11e5-8ccf-03fcad229796] - Session.negotiatedCapabilities - {"browserName":"phantomjs","version":"2.0.0","driverName":"ghostdriver","driverVersion":"1.2.0","platform":"mac-10.9 (Mavericks)-64bit","javascriptEnabled":true,"takesScreenshot":true,"handlesAlerts":false,"databaseEnabled":false,"locationContextEnabled":false,"applicationCacheEnabled":false,"browserConnectionEnabled":false,"cssSelectorsEnabled":true,"webStorageEnabled":false,"rotatable":false,"acceptSslCerts":false,"nativeEvents":true,"proxy":{"proxyType":"direct"},"phantomjs.page.settings.userAgent":"Mozilla/5.0 (Macintosh; Intel Mac OS X 10_10_1) AppleWebKit/537.36 (KHTML, like Gecko) Chrome/41.0.2227.1 Safari/537.36"}
[INFO  - 2016-02-14T07:39:51.906Z] SessionManagerReqHand - _postNewSessionCommand - New Session Created: 21fdaab0-d2ee-11e5-8ccf-03fcad229796
[INFO  - 2016-02-14T07:44:58.105Z] GhostDriver - Main - running on port 45007
[INFO  - 2016-02-14T07:44:58.828Z] Session [d8edf130-d2ee-11e5-a083-17097e547a02] - page.settings - {"XSSAuditingEnabled":false,"javascriptCanCloseWindows":true,"javascriptCanOpenWindows":true,"javascriptEnabled":true,"loadImages":true,"localToRemoteUrlAccessEnabled":false,"userAgent":"Mozilla/5.0 (Macintosh; Intel Mac OS X 10_10_1) AppleWebKit/537.36 (KHTML, like Gecko) Chrome/41.0.2227.1 Safari/537.36","webSecurityEnabled":true}
[INFO  - 2016-02-14T07:44:58.828Z] Session [d8edf130-d2ee-11e5-a083-17097e547a02] - page.customHeaders:  - {}
[INFO  - 2016-02-14T07:44:58.828Z] Session [d8edf130-d2ee-11e5-a083-17097e547a02] - Session.negotiatedCapabilities - {"browserName":"phantomjs","version":"2.0.0","driverName":"ghostdriver","driverVersion":"1.2.0","platform":"mac-10.9 (Mavericks)-64bit","javascriptEnabled":true,"takesScreenshot":true,"handlesAlerts":false,"databaseEnabled":false,"locationContextEnabled":false,"applicationCacheEnabled":false,"browserConnectionEnabled":false,"cssSelectorsEnabled":true,"webStorageEnabled":false,"rotatable":false,"acceptSslCerts":false,"nativeEvents":true,"proxy":{"proxyType":"direct"},"phantomjs.page.settings.userAgent":"Mozilla/5.0 (Macintosh; Intel Mac OS X 10_10_1) AppleWebKit/537.36 (KHTML, like Gecko) Chrome/41.0.2227.1 Safari/537.36"}
[INFO  - 2016-02-14T07:44:58.828Z] SessionManagerReqHand - _postNewSessionCommand - New Session Created: d8edf130-d2ee-11e5-a083-17097e547a02
[INFO  - 2016-02-14T08:15:34.248Z] GhostDriver - Main - running on port 7949
[INFO  - 2016-02-14T08:15:34.811Z] Session [1f42b720-d2f3-11e5-b977-295852236bfc] - page.settings - {"XSSAuditingEnabled":false,"javascriptCanCloseWindows":true,"javascriptCanOpenWindows":true,"javascriptEnabled":true,"loadImages":true,"localToRemoteUrlAccessEnabled":false,"userAgent":"Mozilla/5.0 (Macintosh; Intel Mac OS X 10_10_1) AppleWebKit/537.36 (KHTML, like Gecko) Chrome/41.0.2227.1 Safari/537.36","webSecurityEnabled":true}
[INFO  - 2016-02-14T08:15:34.811Z] Session [1f42b720-d2f3-11e5-b977-295852236bfc] - page.customHeaders:  - {}
[INFO  - 2016-02-14T08:15:34.811Z] Session [1f42b720-d2f3-11e5-b977-295852236bfc] - Session.negotiatedCapabilities - {"browserName":"phantomjs","version":"2.0.0","driverName":"ghostdriver","driverVersion":"1.2.0","platform":"mac-10.9 (Mavericks)-64bit","javascriptEnabled":true,"takesScreenshot":true,"handlesAlerts":false,"databaseEnabled":false,"locationContextEnabled":false,"applicationCacheEnabled":false,"browserConnectionEnabled":false,"cssSelectorsEnabled":true,"webStorageEnabled":false,"rotatable":false,"acceptSslCerts":false,"nativeEvents":true,"proxy":{"proxyType":"direct"},"phantomjs.page.settings.userAgent":"Mozilla/5.0 (Macintosh; Intel Mac OS X 10_10_1) AppleWebKit/537.36 (KHTML, like Gecko) Chrome/41.0.2227.1 Safari/537.36"}
[INFO  - 2016-02-14T08:15:34.811Z] SessionManagerReqHand - _postNewSessionCommand - New Session Created: 1f42b720-d2f3-11e5-b977-295852236bfc
[INFO  - 2016-02-14T08:16:47.444Z] GhostDriver - Main - running on port 21156
[INFO  - 2016-02-14T08:16:47.732Z] Session [4ab993b0-d2f3-11e5-921f-7d24c41cce66] - page.settings - {"XSSAuditingEnabled":false,"javascriptCanCloseWindows":true,"javascriptCanOpenWindows":true,"javascriptEnabled":true,"loadImages":true,"localToRemoteUrlAccessEnabled":false,"userAgent":"Mozilla/5.0 (Macintosh; Intel Mac OS X 10_10_1) AppleWebKit/537.36 (KHTML, like Gecko) Chrome/41.0.2227.1 Safari/537.36","webSecurityEnabled":true}
[INFO  - 2016-02-14T08:16:47.733Z] Session [4ab993b0-d2f3-11e5-921f-7d24c41cce66] - page.customHeaders:  - {}
[INFO  - 2016-02-14T08:16:47.733Z] Session [4ab993b0-d2f3-11e5-921f-7d24c41cce66] - Session.negotiatedCapabilities - {"browserName":"phantomjs","version":"2.0.0","driverName":"ghostdriver","driverVersion":"1.2.0","platform":"mac-10.9 (Mavericks)-64bit","javascriptEnabled":true,"takesScreenshot":true,"handlesAlerts":false,"databaseEnabled":false,"locationContextEnabled":false,"applicationCacheEnabled":false,"browserConnectionEnabled":false,"cssSelectorsEnabled":true,"webStorageEnabled":false,"rotatable":false,"acceptSslCerts":false,"nativeEvents":true,"proxy":{"proxyType":"direct"},"phantomjs.page.settings.userAgent":"Mozilla/5.0 (Macintosh; Intel Mac OS X 10_10_1) AppleWebKit/537.36 (KHTML, like Gecko) Chrome/41.0.2227.1 Safari/537.36"}
[INFO  - 2016-02-14T08:16:47.733Z] SessionManagerReqHand - _postNewSessionCommand - New Session Created: 4ab993b0-d2f3-11e5-921f-7d24c41cce66
[INFO  - 2016-02-14T08:21:47.444Z] SessionManagerReqHand - _cleanupWindowlessSessions - Asynchronous Sessions clean-up phase starting NOW
[INFO  - 2016-02-14T08:25:29.860Z] GhostDriver - Main - running on port 48144
[INFO  - 2016-02-14T08:25:30.313Z] Session [8235b840-d2f4-11e5-9b24-1fdc10b73fe5] - page.settings - {"XSSAuditingEnabled":false,"javascriptCanCloseWindows":true,"javascriptCanOpenWindows":true,"javascriptEnabled":true,"loadImages":true,"localToRemoteUrlAccessEnabled":false,"userAgent":"Mozilla/5.0 (Macintosh; Intel Mac OS X 10_10_1) AppleWebKit/537.36 (KHTML, like Gecko) Chrome/41.0.2227.1 Safari/537.36","webSecurityEnabled":true}
[INFO  - 2016-02-14T08:25:30.313Z] Session [8235b840-d2f4-11e5-9b24-1fdc10b73fe5] - page.customHeaders:  - {}
[INFO  - 2016-02-14T08:25:30.313Z] Session [8235b840-d2f4-11e5-9b24-1fdc10b73fe5] - Session.negotiatedCapabilities - {"browserName":"phantomjs","version":"2.0.0","driverName":"ghostdriver","driverVersion":"1.2.0","platform":"mac-10.9 (Mavericks)-64bit","javascriptEnabled":true,"takesScreenshot":true,"handlesAlerts":false,"databaseEnabled":false,"locationContextEnabled":false,"applicationCacheEnabled":false,"browserConnectionEnabled":false,"cssSelectorsEnabled":true,"webStorageEnabled":false,"rotatable":false,"acceptSslCerts":false,"nativeEvents":true,"proxy":{"proxyType":"direct"},"phantomjs.page.settings.userAgent":"Mozilla/5.0 (Macintosh; Intel Mac OS X 10_10_1) AppleWebKit/537.36 (KHTML, like Gecko) Chrome/41.0.2227.1 Safari/537.36"}
[INFO  - 2016-02-14T08:25:30.313Z] SessionManagerReqHand - _postNewSessionCommand - New Session Created: 8235b840-d2f4-11e5-9b24-1fdc10b73fe5
[INFO  - 2016-02-14T08:27:27.813Z] GhostDriver - Main - running on port 45548
[INFO  - 2016-02-14T08:27:28.153Z] Session [c872ad40-d2f4-11e5-aa58-5b392ca366a9] - page.settings - {"XSSAuditingEnabled":false,"javascriptCanCloseWindows":true,"javascriptCanOpenWindows":true,"javascriptEnabled":true,"loadImages":true,"localToRemoteUrlAccessEnabled":false,"userAgent":"Mozilla/5.0 (Macintosh; Intel Mac OS X 10_10_1) AppleWebKit/537.36 (KHTML, like Gecko) Chrome/41.0.2227.1 Safari/537.36","webSecurityEnabled":true}
[INFO  - 2016-02-14T08:27:28.153Z] Session [c872ad40-d2f4-11e5-aa58-5b392ca366a9] - page.customHeaders:  - {}
[INFO  - 2016-02-14T08:27:28.153Z] Session [c872ad40-d2f4-11e5-aa58-5b392ca366a9] - Session.negotiatedCapabilities - {"browserName":"phantomjs","version":"2.0.0","driverName":"ghostdriver","driverVersion":"1.2.0","platform":"mac-10.9 (Mavericks)-64bit","javascriptEnabled":true,"takesScreenshot":true,"handlesAlerts":false,"databaseEnabled":false,"locationContextEnabled":false,"applicationCacheEnabled":false,"browserConnectionEnabled":false,"cssSelectorsEnabled":true,"webStorageEnabled":false,"rotatable":false,"acceptSslCerts":false,"nativeEvents":true,"proxy":{"proxyType":"direct"},"phantomjs.page.settings.userAgent":"Mozilla/5.0 (Macintosh; Intel Mac OS X 10_10_1) AppleWebKit/537.36 (KHTML, like Gecko) Chrome/41.0.2227.1 Safari/537.36"}
[INFO  - 2016-02-14T08:27:28.153Z] SessionManagerReqHand - _postNewSessionCommand - New Session Created: c872ad40-d2f4-11e5-aa58-5b392ca366a9
[INFO  - 2016-02-14T08:30:29.873Z] SessionManagerReqHand - _cleanupWindowlessSessions - Asynchronous Sessions clean-up phase starting NOW
[INFO  - 2016-02-14T08:30:29.881Z] SessionManagerReqHand - _cleanupWindowlessSessions - Deleted Session '8235b840-d2f4-11e5-9b24-1fdc10b73fe5', because windowless
[INFO  - 2016-02-14T08:32:28.392Z] SessionManagerReqHand - _cleanupWindowlessSessions - Asynchronous Sessions clean-up phase starting NOW
[INFO  - 2016-02-14T08:32:28.392Z] SessionManagerReqHand - _cleanupWindowlessSessions - Deleted Session 'c872ad40-d2f4-11e5-aa58-5b392ca366a9', because windowless
[INFO  - 2016-02-14T14:01:25.437Z] GhostDriver - Main - running on port 13160
[INFO  - 2016-02-14T14:01:26.059Z] Session [6ff7e020-d323-11e5-9ab0-3303eb7291b9] - page.settings - {"XSSAuditingEnabled":false,"javascriptCanCloseWindows":true,"javascriptCanOpenWindows":true,"javascriptEnabled":true,"loadImages":true,"localToRemoteUrlAccessEnabled":false,"userAgent":"Mozilla/5.0 (Macintosh; Intel Mac OS X 10_10_1) AppleWebKit/537.36 (KHTML, like Gecko) Chrome/41.0.2227.1 Safari/537.36","webSecurityEnabled":true}
[INFO  - 2016-02-14T14:01:26.059Z] Session [6ff7e020-d323-11e5-9ab0-3303eb7291b9] - page.customHeaders:  - {}
[INFO  - 2016-02-14T14:01:26.059Z] Session [6ff7e020-d323-11e5-9ab0-3303eb7291b9] - Session.negotiatedCapabilities - {"browserName":"phantomjs","version":"2.0.0","driverName":"ghostdriver","driverVersion":"1.2.0","platform":"mac-10.9 (Mavericks)-64bit","javascriptEnabled":true,"takesScreenshot":true,"handlesAlerts":false,"databaseEnabled":false,"locationContextEnabled":false,"applicationCacheEnabled":false,"browserConnectionEnabled":false,"cssSelectorsEnabled":true,"webStorageEnabled":false,"rotatable":false,"acceptSslCerts":false,"nativeEvents":true,"proxy":{"proxyType":"direct"},"phantomjs.page.settings.userAgent":"Mozilla/5.0 (Macintosh; Intel Mac OS X 10_10_1) AppleWebKit/537.36 (KHTML, like Gecko) Chrome/41.0.2227.1 Safari/537.36"}
[INFO  - 2016-02-14T14:01:26.059Z] SessionManagerReqHand - _postNewSessionCommand - New Session Created: 6ff7e020-d323-11e5-9ab0-3303eb7291b9
[INFO  - 2016-02-14T14:06:25.609Z] SessionManagerReqHand - _cleanupWindowlessSessions - Asynchronous Sessions clean-up phase starting NOW
[INFO  - 2016-02-14T14:06:25.613Z] SessionManagerReqHand - _cleanupWindowlessSessions - Deleted Session '6ff7e020-d323-11e5-9ab0-3303eb7291b9', because windowless
[INFO  - 2016-03-11T11:05:46.980Z] GhostDriver - Main - running on port 48755
[INFO  - 2016-03-11T11:05:47.128Z] Session [3504e340-e779-11e5-ab4d-ad2154ea446d] - page.settings - {"XSSAuditingEnabled":false,"javascriptCanCloseWindows":true,"javascriptCanOpenWindows":true,"javascriptEnabled":true,"loadImages":true,"localToRemoteUrlAccessEnabled":false,"userAgent":"Mozilla/5.0 (Macintosh; Intel Mac OS X 10_10_1) AppleWebKit/537.36 (KHTML, like Gecko) Chrome/41.0.2227.1 Safari/537.36","webSecurityEnabled":true}
[INFO  - 2016-03-11T11:05:47.128Z] Session [3504e340-e779-11e5-ab4d-ad2154ea446d] - page.customHeaders:  - {}
[INFO  - 2016-03-11T11:05:47.128Z] Session [3504e340-e779-11e5-ab4d-ad2154ea446d] - Session.negotiatedCapabilities - {"browserName":"phantomjs","version":"2.1.1","driverName":"ghostdriver","driverVersion":"1.2.0","platform":"mac-10.10 (Yosemite)-64bit","javascriptEnabled":true,"takesScreenshot":true,"handlesAlerts":false,"databaseEnabled":false,"locationContextEnabled":false,"applicationCacheEnabled":false,"browserConnectionEnabled":false,"cssSelectorsEnabled":true,"webStorageEnabled":false,"rotatable":false,"acceptSslCerts":false,"nativeEvents":true,"proxy":{"proxyType":"direct"},"phantomjs.page.settings.userAgent":"Mozilla/5.0 (Macintosh; Intel Mac OS X 10_10_1) AppleWebKit/537.36 (KHTML, like Gecko) Chrome/41.0.2227.1 Safari/537.36"}
[INFO  - 2016-03-11T11:05:47.129Z] SessionManagerReqHand - _postNewSessionCommand - New Session Created: 3504e340-e779-11e5-ab4d-ad2154ea446d
[INFO  - 2016-03-11T11:10:46.977Z] SessionManagerReqHand - _cleanupWindowlessSessions - Asynchronous Sessions clean-up phase starting NOW
[INFO  - 2016-03-11T11:10:46.977Z] SessionManagerReqHand - _cleanupWindowlessSessions - Deleted Session '3504e340-e779-11e5-ab4d-ad2154ea446d', because windowless
[INFO  - 2016-03-14T08:44:58.128Z] GhostDriver - Main - running on port 7465
[INFO  - 2016-03-14T08:44:58.285Z] Session [085b0190-e9c1-11e5-8636-85ae4ee2345d] - page.settings - {"XSSAuditingEnabled":false,"javascriptCanCloseWindows":true,"javascriptCanOpenWindows":true,"javascriptEnabled":true,"loadImages":true,"localToRemoteUrlAccessEnabled":false,"userAgent":"Mozilla/5.0 (Macintosh; Intel Mac OS X 10_10_1) AppleWebKit/537.36 (KHTML, like Gecko) Chrome/41.0.2227.1 Safari/537.36","webSecurityEnabled":true}
[INFO  - 2016-03-14T08:44:58.285Z] Session [085b0190-e9c1-11e5-8636-85ae4ee2345d] - page.customHeaders:  - {}
[INFO  - 2016-03-14T08:44:58.285Z] Session [085b0190-e9c1-11e5-8636-85ae4ee2345d] - Session.negotiatedCapabilities - {"browserName":"phantomjs","version":"2.1.1","driverName":"ghostdriver","driverVersion":"1.2.0","platform":"mac-10.10 (Yosemite)-64bit","javascriptEnabled":true,"takesScreenshot":true,"handlesAlerts":false,"databaseEnabled":false,"locationContextEnabled":false,"applicationCacheEnabled":false,"browserConnectionEnabled":false,"cssSelectorsEnabled":true,"webStorageEnabled":false,"rotatable":false,"acceptSslCerts":false,"nativeEvents":true,"proxy":{"proxyType":"direct"},"phantomjs.page.settings.userAgent":"Mozilla/5.0 (Macintosh; Intel Mac OS X 10_10_1) AppleWebKit/537.36 (KHTML, like Gecko) Chrome/41.0.2227.1 Safari/537.36"}
[INFO  - 2016-03-14T08:44:58.285Z] SessionManagerReqHand - _postNewSessionCommand - New Session Created: 085b0190-e9c1-11e5-8636-85ae4ee2345d
[INFO  - 2016-03-14T08:49:58.354Z] SessionManagerReqHand - _cleanupWindowlessSessions - Asynchronous Sessions clean-up phase starting NOW
[INFO  - 2016-03-14T08:49:58.354Z] SessionManagerReqHand - _cleanupWindowlessSessions - Deleted Session '085b0190-e9c1-11e5-8636-85ae4ee2345d', because windowless
[INFO  - 2016-03-14T08:55:43.339Z] GhostDriver - Main - running on port 48970
[INFO  - 2016-03-14T08:55:43.540Z] Session [88f54210-e9c2-11e5-acf0-f1eb717f2b12] - page.settings - {"XSSAuditingEnabled":false,"javascriptCanCloseWindows":true,"javascriptCanOpenWindows":true,"javascriptEnabled":true,"loadImages":true,"localToRemoteUrlAccessEnabled":false,"userAgent":"Mozilla/5.0 (Macintosh; Intel Mac OS X 10_10_1) AppleWebKit/537.36 (KHTML, like Gecko) Chrome/41.0.2227.1 Safari/537.36","webSecurityEnabled":true}
[INFO  - 2016-03-14T08:55:43.540Z] Session [88f54210-e9c2-11e5-acf0-f1eb717f2b12] - page.customHeaders:  - {}
[INFO  - 2016-03-14T08:55:43.540Z] Session [88f54210-e9c2-11e5-acf0-f1eb717f2b12] - Session.negotiatedCapabilities - {"browserName":"phantomjs","version":"2.1.1","driverName":"ghostdriver","driverVersion":"1.2.0","platform":"mac-10.10 (Yosemite)-64bit","javascriptEnabled":true,"takesScreenshot":true,"handlesAlerts":false,"databaseEnabled":false,"locationContextEnabled":false,"applicationCacheEnabled":false,"browserConnectionEnabled":false,"cssSelectorsEnabled":true,"webStorageEnabled":false,"rotatable":false,"acceptSslCerts":false,"nativeEvents":true,"proxy":{"proxyType":"direct"},"phantomjs.page.settings.userAgent":"Mozilla/5.0 (Macintosh; Intel Mac OS X 10_10_1) AppleWebKit/537.36 (KHTML, like Gecko) Chrome/41.0.2227.1 Safari/537.36"}
[INFO  - 2016-03-14T08:55:43.541Z] SessionManagerReqHand - _postNewSessionCommand - New Session Created: 88f54210-e9c2-11e5-acf0-f1eb717f2b12
[INFO  - 2016-03-14T09:00:43.354Z] SessionManagerReqHand - _cleanupWindowlessSessions - Asynchronous Sessions clean-up phase starting NOW
[INFO  - 2016-03-14T09:00:43.354Z] SessionManagerReqHand - _cleanupWindowlessSessions - Deleted Session '88f54210-e9c2-11e5-acf0-f1eb717f2b12', because windowless
[INFO  - 2016-03-14T09:06:53.911Z] GhostDriver - Main - running on port 24648
[INFO  - 2016-03-14T09:06:54.135Z] Session [18a97a10-e9c4-11e5-9cd0-2551be676e54] - page.settings - {"XSSAuditingEnabled":false,"javascriptCanCloseWindows":true,"javascriptCanOpenWindows":true,"javascriptEnabled":true,"loadImages":true,"localToRemoteUrlAccessEnabled":false,"userAgent":"Mozilla/5.0 (Macintosh; Intel Mac OS X 10_10_1) AppleWebKit/537.36 (KHTML, like Gecko) Chrome/41.0.2227.1 Safari/537.36","webSecurityEnabled":true}
[INFO  - 2016-03-14T09:06:54.135Z] Session [18a97a10-e9c4-11e5-9cd0-2551be676e54] - page.customHeaders:  - {}
[INFO  - 2016-03-14T09:06:54.135Z] Session [18a97a10-e9c4-11e5-9cd0-2551be676e54] - Session.negotiatedCapabilities - {"browserName":"phantomjs","version":"2.1.1","driverName":"ghostdriver","driverVersion":"1.2.0","platform":"mac-10.10 (Yosemite)-64bit","javascriptEnabled":true,"takesScreenshot":true,"handlesAlerts":false,"databaseEnabled":false,"locationContextEnabled":false,"applicationCacheEnabled":false,"browserConnectionEnabled":false,"cssSelectorsEnabled":true,"webStorageEnabled":false,"rotatable":false,"acceptSslCerts":false,"nativeEvents":true,"proxy":{"proxyType":"direct"},"phantomjs.page.settings.userAgent":"Mozilla/5.0 (Macintosh; Intel Mac OS X 10_10_1) AppleWebKit/537.36 (KHTML, like Gecko) Chrome/41.0.2227.1 Safari/537.36"}
[INFO  - 2016-03-14T09:06:54.135Z] SessionManagerReqHand - _postNewSessionCommand - New Session Created: 18a97a10-e9c4-11e5-9cd0-2551be676e54
[INFO  - 2016-03-14T09:09:15.755Z] GhostDriver - Main - running on port 16208
[INFO  - 2016-03-14T09:09:16.004Z] Session [6d396d10-e9c4-11e5-aa5a-35a8d1478b47] - page.settings - {"XSSAuditingEnabled":false,"javascriptCanCloseWindows":true,"javascriptCanOpenWindows":true,"javascriptEnabled":true,"loadImages":true,"localToRemoteUrlAccessEnabled":false,"userAgent":"Mozilla/5.0 (Macintosh; Intel Mac OS X 10_10_1) AppleWebKit/537.36 (KHTML, like Gecko) Chrome/41.0.2227.1 Safari/537.36","webSecurityEnabled":true}
[INFO  - 2016-03-14T09:09:16.004Z] Session [6d396d10-e9c4-11e5-aa5a-35a8d1478b47] - page.customHeaders:  - {}
[INFO  - 2016-03-14T09:09:16.005Z] Session [6d396d10-e9c4-11e5-aa5a-35a8d1478b47] - Session.negotiatedCapabilities - {"browserName":"phantomjs","version":"2.1.1","driverName":"ghostdriver","driverVersion":"1.2.0","platform":"mac-10.10 (Yosemite)-64bit","javascriptEnabled":true,"takesScreenshot":true,"handlesAlerts":false,"databaseEnabled":false,"locationContextEnabled":false,"applicationCacheEnabled":false,"browserConnectionEnabled":false,"cssSelectorsEnabled":true,"webStorageEnabled":false,"rotatable":false,"acceptSslCerts":false,"nativeEvents":true,"proxy":{"proxyType":"direct"},"phantomjs.page.settings.userAgent":"Mozilla/5.0 (Macintosh; Intel Mac OS X 10_10_1) AppleWebKit/537.36 (KHTML, like Gecko) Chrome/41.0.2227.1 Safari/537.36"}
[INFO  - 2016-03-14T09:09:16.005Z] SessionManagerReqHand - _postNewSessionCommand - New Session Created: 6d396d10-e9c4-11e5-aa5a-35a8d1478b47
[INFO  - 2016-03-14T09:11:46.356Z] GhostDriver - Main - running on port 13658
[INFO  - 2016-03-14T09:11:46.569Z] Session [c6f7ab50-e9c4-11e5-af3c-d570378c34c5] - page.settings - {"XSSAuditingEnabled":false,"javascriptCanCloseWindows":true,"javascriptCanOpenWindows":true,"javascriptEnabled":true,"loadImages":true,"localToRemoteUrlAccessEnabled":false,"userAgent":"Mozilla/5.0 (Macintosh; Intel Mac OS X 10_10_1) AppleWebKit/537.36 (KHTML, like Gecko) Chrome/41.0.2227.1 Safari/537.36","webSecurityEnabled":true}
[INFO  - 2016-03-14T09:11:46.569Z] Session [c6f7ab50-e9c4-11e5-af3c-d570378c34c5] - page.customHeaders:  - {}
[INFO  - 2016-03-14T09:11:46.569Z] Session [c6f7ab50-e9c4-11e5-af3c-d570378c34c5] - Session.negotiatedCapabilities - {"browserName":"phantomjs","version":"2.1.1","driverName":"ghostdriver","driverVersion":"1.2.0","platform":"mac-10.10 (Yosemite)-64bit","javascriptEnabled":true,"takesScreenshot":true,"handlesAlerts":false,"databaseEnabled":false,"locationContextEnabled":false,"applicationCacheEnabled":false,"browserConnectionEnabled":false,"cssSelectorsEnabled":true,"webStorageEnabled":false,"rotatable":false,"acceptSslCerts":false,"nativeEvents":true,"proxy":{"proxyType":"direct"},"phantomjs.page.settings.userAgent":"Mozilla/5.0 (Macintosh; Intel Mac OS X 10_10_1) AppleWebKit/537.36 (KHTML, like Gecko) Chrome/41.0.2227.1 Safari/537.36"}
[INFO  - 2016-03-14T09:11:46.569Z] SessionManagerReqHand - _postNewSessionCommand - New Session Created: c6f7ab50-e9c4-11e5-af3c-d570378c34c5
[INFO  - 2016-03-14T09:11:54.354Z] SessionManagerReqHand - _cleanupWindowlessSessions - Asynchronous Sessions clean-up phase starting NOW
[INFO  - 2016-03-14T09:11:54.354Z] SessionManagerReqHand - _cleanupWindowlessSessions - Deleted Session '18a97a10-e9c4-11e5-9cd0-2551be676e54', because windowless
[INFO  - 2016-03-14T09:14:15.754Z] SessionManagerReqHand - _cleanupWindowlessSessions - Asynchronous Sessions clean-up phase starting NOW
[INFO  - 2016-03-14T09:14:15.754Z] SessionManagerReqHand - _cleanupWindowlessSessions - Deleted Session '6d396d10-e9c4-11e5-aa5a-35a8d1478b47', because windowless
[INFO  - 2016-03-14T09:16:46.354Z] SessionManagerReqHand - _cleanupWindowlessSessions - Asynchronous Sessions clean-up phase starting NOW
[INFO  - 2016-03-14T09:16:46.355Z] SessionManagerReqHand - _cleanupWindowlessSessions - Deleted Session 'c6f7ab50-e9c4-11e5-af3c-d570378c34c5', because windowless
[INFO  - 2016-03-14T09:21:03.101Z] GhostDriver - Main - running on port 45316
[INFO  - 2016-03-14T09:21:03.418Z] Session [12e01560-e9c6-11e5-958d-1336da43b6c2] - page.settings - {"XSSAuditingEnabled":false,"javascriptCanCloseWindows":true,"javascriptCanOpenWindows":true,"javascriptEnabled":true,"loadImages":true,"localToRemoteUrlAccessEnabled":false,"userAgent":"Mozilla/5.0 (Macintosh; Intel Mac OS X 10_10_1) AppleWebKit/537.36 (KHTML, like Gecko) Chrome/41.0.2227.1 Safari/537.36","webSecurityEnabled":true}
[INFO  - 2016-03-14T09:21:03.418Z] Session [12e01560-e9c6-11e5-958d-1336da43b6c2] - page.customHeaders:  - {}
[INFO  - 2016-03-14T09:21:03.418Z] Session [12e01560-e9c6-11e5-958d-1336da43b6c2] - Session.negotiatedCapabilities - {"browserName":"phantomjs","version":"2.1.1","driverName":"ghostdriver","driverVersion":"1.2.0","platform":"mac-10.10 (Yosemite)-64bit","javascriptEnabled":true,"takesScreenshot":true,"handlesAlerts":false,"databaseEnabled":false,"locationContextEnabled":false,"applicationCacheEnabled":false,"browserConnectionEnabled":false,"cssSelectorsEnabled":true,"webStorageEnabled":false,"rotatable":false,"acceptSslCerts":false,"nativeEvents":true,"proxy":{"proxyType":"direct"},"phantomjs.page.settings.userAgent":"Mozilla/5.0 (Macintosh; Intel Mac OS X 10_10_1) AppleWebKit/537.36 (KHTML, like Gecko) Chrome/41.0.2227.1 Safari/537.36"}
[INFO  - 2016-03-14T09:21:03.418Z] SessionManagerReqHand - _postNewSessionCommand - New Session Created: 12e01560-e9c6-11e5-958d-1336da43b6c2
[INFO  - 2016-03-14T09:25:38.001Z] GhostDriver - Main - running on port 27701
[INFO  - 2016-03-14T09:25:38.187Z] Session [b6a65a60-e9c6-11e5-a04b-7dd150eccfed] - page.settings - {"XSSAuditingEnabled":false,"javascriptCanCloseWindows":true,"javascriptCanOpenWindows":true,"javascriptEnabled":true,"loadImages":true,"localToRemoteUrlAccessEnabled":false,"userAgent":"Mozilla/5.0 (Macintosh; Intel Mac OS X 10_10_1) AppleWebKit/537.36 (KHTML, like Gecko) Chrome/41.0.2227.1 Safari/537.36","webSecurityEnabled":true}
[INFO  - 2016-03-14T09:25:38.188Z] Session [b6a65a60-e9c6-11e5-a04b-7dd150eccfed] - page.customHeaders:  - {}
[INFO  - 2016-03-14T09:25:38.188Z] Session [b6a65a60-e9c6-11e5-a04b-7dd150eccfed] - Session.negotiatedCapabilities - {"browserName":"phantomjs","version":"2.1.1","driverName":"ghostdriver","driverVersion":"1.2.0","platform":"mac-10.10 (Yosemite)-64bit","javascriptEnabled":true,"takesScreenshot":true,"handlesAlerts":false,"databaseEnabled":false,"locationContextEnabled":false,"applicationCacheEnabled":false,"browserConnectionEnabled":false,"cssSelectorsEnabled":true,"webStorageEnabled":false,"rotatable":false,"acceptSslCerts":false,"nativeEvents":true,"proxy":{"proxyType":"direct"},"phantomjs.page.settings.userAgent":"Mozilla/5.0 (Macintosh; Intel Mac OS X 10_10_1) AppleWebKit/537.36 (KHTML, like Gecko) Chrome/41.0.2227.1 Safari/537.36"}
[INFO  - 2016-03-14T09:25:38.188Z] SessionManagerReqHand - _postNewSessionCommand - New Session Created: b6a65a60-e9c6-11e5-a04b-7dd150eccfed
[INFO  - 2016-03-14T09:26:03.348Z] SessionManagerReqHand - _cleanupWindowlessSessions - Asynchronous Sessions clean-up phase starting NOW
[INFO  - 2016-03-14T09:26:03.348Z] SessionManagerReqHand - _cleanupWindowlessSessions - Deleted Session '12e01560-e9c6-11e5-958d-1336da43b6c2', because windowless
[INFO  - 2016-03-14T09:27:07.164Z] GhostDriver - Main - running on port 8712
[INFO  - 2016-03-14T09:27:07.394Z] Session [ebd1a690-e9c6-11e5-b9aa-b1f9d3b197f8] - page.settings - {"XSSAuditingEnabled":false,"javascriptCanCloseWindows":true,"javascriptCanOpenWindows":true,"javascriptEnabled":true,"loadImages":true,"localToRemoteUrlAccessEnabled":false,"userAgent":"Mozilla/5.0 (Macintosh; Intel Mac OS X 10_10_1) AppleWebKit/537.36 (KHTML, like Gecko) Chrome/41.0.2227.1 Safari/537.36","webSecurityEnabled":true}
[INFO  - 2016-03-14T09:27:07.394Z] Session [ebd1a690-e9c6-11e5-b9aa-b1f9d3b197f8] - page.customHeaders:  - {}
[INFO  - 2016-03-14T09:27:07.394Z] Session [ebd1a690-e9c6-11e5-b9aa-b1f9d3b197f8] - Session.negotiatedCapabilities - {"browserName":"phantomjs","version":"2.1.1","driverName":"ghostdriver","driverVersion":"1.2.0","platform":"mac-10.10 (Yosemite)-64bit","javascriptEnabled":true,"takesScreenshot":true,"handlesAlerts":false,"databaseEnabled":false,"locationContextEnabled":false,"applicationCacheEnabled":false,"browserConnectionEnabled":false,"cssSelectorsEnabled":true,"webStorageEnabled":false,"rotatable":false,"acceptSslCerts":false,"nativeEvents":true,"proxy":{"proxyType":"direct"},"phantomjs.page.settings.userAgent":"Mozilla/5.0 (Macintosh; Intel Mac OS X 10_10_1) AppleWebKit/537.36 (KHTML, like Gecko) Chrome/41.0.2227.1 Safari/537.36"}
[INFO  - 2016-03-14T09:27:07.395Z] SessionManagerReqHand - _postNewSessionCommand - New Session Created: ebd1a690-e9c6-11e5-b9aa-b1f9d3b197f8
[INFO  - 2016-03-14T09:27:49.051Z] GhostDriver - Main - running on port 2260
[INFO  - 2016-03-14T09:27:49.310Z] Session [04ce2290-e9c7-11e5-9825-fdd8396c6bf8] - page.settings - {"XSSAuditingEnabled":false,"javascriptCanCloseWindows":true,"javascriptCanOpenWindows":true,"javascriptEnabled":true,"loadImages":true,"localToRemoteUrlAccessEnabled":false,"userAgent":"Mozilla/5.0 (Macintosh; Intel Mac OS X 10_10_1) AppleWebKit/537.36 (KHTML, like Gecko) Chrome/41.0.2227.1 Safari/537.36","webSecurityEnabled":true}
[INFO  - 2016-03-14T09:27:49.311Z] Session [04ce2290-e9c7-11e5-9825-fdd8396c6bf8] - page.customHeaders:  - {}
[INFO  - 2016-03-14T09:27:49.311Z] Session [04ce2290-e9c7-11e5-9825-fdd8396c6bf8] - Session.negotiatedCapabilities - {"browserName":"phantomjs","version":"2.1.1","driverName":"ghostdriver","driverVersion":"1.2.0","platform":"mac-10.10 (Yosemite)-64bit","javascriptEnabled":true,"takesScreenshot":true,"handlesAlerts":false,"databaseEnabled":false,"locationContextEnabled":false,"applicationCacheEnabled":false,"browserConnectionEnabled":false,"cssSelectorsEnabled":true,"webStorageEnabled":false,"rotatable":false,"acceptSslCerts":false,"nativeEvents":true,"proxy":{"proxyType":"direct"},"phantomjs.page.settings.userAgent":"Mozilla/5.0 (Macintosh; Intel Mac OS X 10_10_1) AppleWebKit/537.36 (KHTML, like Gecko) Chrome/41.0.2227.1 Safari/537.36"}
[INFO  - 2016-03-14T09:27:49.311Z] SessionManagerReqHand - _postNewSessionCommand - New Session Created: 04ce2290-e9c7-11e5-9825-fdd8396c6bf8
[INFO  - 2016-03-14T09:30:38.345Z] SessionManagerReqHand - _cleanupWindowlessSessions - Asynchronous Sessions clean-up phase starting NOW
[INFO  - 2016-03-14T09:30:38.346Z] SessionManagerReqHand - _cleanupWindowlessSessions - Deleted Session 'b6a65a60-e9c6-11e5-a04b-7dd150eccfed', because windowless
[INFO  - 2016-03-14T09:32:07.346Z] SessionManagerReqHand - _cleanupWindowlessSessions - Asynchronous Sessions clean-up phase starting NOW
[INFO  - 2016-03-14T09:32:07.347Z] SessionManagerReqHand - _cleanupWindowlessSessions - Deleted Session 'ebd1a690-e9c6-11e5-b9aa-b1f9d3b197f8', because windowless
[INFO  - 2016-03-14T09:32:49.351Z] SessionManagerReqHand - _cleanupWindowlessSessions - Asynchronous Sessions clean-up phase starting NOW
[INFO  - 2016-03-14T09:32:49.351Z] SessionManagerReqHand - _cleanupWindowlessSessions - Deleted Session '04ce2290-e9c7-11e5-9825-fdd8396c6bf8', because windowless
[INFO  - 2016-03-14T09:42:41.777Z] GhostDriver - Main - running on port 10740
[INFO  - 2016-03-14T09:42:41.982Z] Session [18e11290-e9c9-11e5-a6aa-cf51511e62b1] - page.settings - {"XSSAuditingEnabled":false,"javascriptCanCloseWindows":true,"javascriptCanOpenWindows":true,"javascriptEnabled":true,"loadImages":true,"localToRemoteUrlAccessEnabled":false,"userAgent":"Mozilla/5.0 (Macintosh; Intel Mac OS X 10_10_1) AppleWebKit/537.36 (KHTML, like Gecko) Chrome/41.0.2227.1 Safari/537.36","webSecurityEnabled":true}
[INFO  - 2016-03-14T09:42:41.983Z] Session [18e11290-e9c9-11e5-a6aa-cf51511e62b1] - page.customHeaders:  - {}
[INFO  - 2016-03-14T09:42:41.983Z] Session [18e11290-e9c9-11e5-a6aa-cf51511e62b1] - Session.negotiatedCapabilities - {"browserName":"phantomjs","version":"2.1.1","driverName":"ghostdriver","driverVersion":"1.2.0","platform":"mac-10.10 (Yosemite)-64bit","javascriptEnabled":true,"takesScreenshot":true,"handlesAlerts":false,"databaseEnabled":false,"locationContextEnabled":false,"applicationCacheEnabled":false,"browserConnectionEnabled":false,"cssSelectorsEnabled":true,"webStorageEnabled":false,"rotatable":false,"acceptSslCerts":false,"nativeEvents":true,"proxy":{"proxyType":"direct"},"phantomjs.page.settings.userAgent":"Mozilla/5.0 (Macintosh; Intel Mac OS X 10_10_1) AppleWebKit/537.36 (KHTML, like Gecko) Chrome/41.0.2227.1 Safari/537.36"}
[INFO  - 2016-03-14T09:42:41.983Z] SessionManagerReqHand - _postNewSessionCommand - New Session Created: 18e11290-e9c9-11e5-a6aa-cf51511e62b1
[INFO  - 2016-03-14T09:45:59.252Z] GhostDriver - Main - running on port 37781
[INFO  - 2016-03-14T09:45:59.842Z] Session [8ed043e0-e9c9-11e5-b25b-2f7ad76927a7] - page.settings - {"XSSAuditingEnabled":false,"javascriptCanCloseWindows":true,"javascriptCanOpenWindows":true,"javascriptEnabled":true,"loadImages":true,"localToRemoteUrlAccessEnabled":false,"userAgent":"Mozilla/5.0 (Macintosh; Intel Mac OS X 10_10_1) AppleWebKit/537.36 (KHTML, like Gecko) Chrome/41.0.2227.1 Safari/537.36","webSecurityEnabled":true}
[INFO  - 2016-03-14T09:45:59.842Z] Session [8ed043e0-e9c9-11e5-b25b-2f7ad76927a7] - page.customHeaders:  - {}
[INFO  - 2016-03-14T09:45:59.842Z] Session [8ed043e0-e9c9-11e5-b25b-2f7ad76927a7] - Session.negotiatedCapabilities - {"browserName":"phantomjs","version":"2.1.1","driverName":"ghostdriver","driverVersion":"1.2.0","platform":"mac-10.10 (Yosemite)-64bit","javascriptEnabled":true,"takesScreenshot":true,"handlesAlerts":false,"databaseEnabled":false,"locationContextEnabled":false,"applicationCacheEnabled":false,"browserConnectionEnabled":false,"cssSelectorsEnabled":true,"webStorageEnabled":false,"rotatable":false,"acceptSslCerts":false,"nativeEvents":true,"proxy":{"proxyType":"direct"},"phantomjs.page.settings.userAgent":"Mozilla/5.0 (Macintosh; Intel Mac OS X 10_10_1) AppleWebKit/537.36 (KHTML, like Gecko) Chrome/41.0.2227.1 Safari/537.36"}
[INFO  - 2016-03-14T09:45:59.842Z] SessionManagerReqHand - _postNewSessionCommand - New Session Created: 8ed043e0-e9c9-11e5-b25b-2f7ad76927a7
[INFO  - 2016-03-14T09:47:17.516Z] GhostDriver - Main - running on port 30164
[INFO  - 2016-03-14T09:47:17.812Z] Session [bd493ce0-e9c9-11e5-8df2-57c0c2e82595] - page.settings - {"XSSAuditingEnabled":false,"javascriptCanCloseWindows":true,"javascriptCanOpenWindows":true,"javascriptEnabled":true,"loadImages":true,"localToRemoteUrlAccessEnabled":false,"userAgent":"Mozilla/5.0 (Macintosh; Intel Mac OS X 10_10_1) AppleWebKit/537.36 (KHTML, like Gecko) Chrome/41.0.2227.1 Safari/537.36","webSecurityEnabled":true}
[INFO  - 2016-03-14T09:47:17.812Z] Session [bd493ce0-e9c9-11e5-8df2-57c0c2e82595] - page.customHeaders:  - {}
[INFO  - 2016-03-14T09:47:17.812Z] Session [bd493ce0-e9c9-11e5-8df2-57c0c2e82595] - Session.negotiatedCapabilities - {"browserName":"phantomjs","version":"2.1.1","driverName":"ghostdriver","driverVersion":"1.2.0","platform":"mac-10.10 (Yosemite)-64bit","javascriptEnabled":true,"takesScreenshot":true,"handlesAlerts":false,"databaseEnabled":false,"locationContextEnabled":false,"applicationCacheEnabled":false,"browserConnectionEnabled":false,"cssSelectorsEnabled":true,"webStorageEnabled":false,"rotatable":false,"acceptSslCerts":false,"nativeEvents":true,"proxy":{"proxyType":"direct"},"phantomjs.page.settings.userAgent":"Mozilla/5.0 (Macintosh; Intel Mac OS X 10_10_1) AppleWebKit/537.36 (KHTML, like Gecko) Chrome/41.0.2227.1 Safari/537.36"}
[INFO  - 2016-03-14T09:47:17.812Z] SessionManagerReqHand - _postNewSessionCommand - New Session Created: bd493ce0-e9c9-11e5-8df2-57c0c2e82595
[INFO  - 2016-03-14T09:47:41.776Z] SessionManagerReqHand - _cleanupWindowlessSessions - Asynchronous Sessions clean-up phase starting NOW
[INFO  - 2016-03-14T09:47:41.776Z] SessionManagerReqHand - _cleanupWindowlessSessions - Deleted Session '18e11290-e9c9-11e5-a6aa-cf51511e62b1', because windowless
[INFO  - 2016-03-14T09:50:59.347Z] SessionManagerReqHand - _cleanupWindowlessSessions - Asynchronous Sessions clean-up phase starting NOW
[INFO  - 2016-03-14T09:50:59.347Z] SessionManagerReqHand - _cleanupWindowlessSessions - Deleted Session '8ed043e0-e9c9-11e5-b25b-2f7ad76927a7', because windowless
[INFO  - 2016-03-14T09:52:17.517Z] SessionManagerReqHand - _cleanupWindowlessSessions - Asynchronous Sessions clean-up phase starting NOW
[INFO  - 2016-03-14T09:52:17.517Z] SessionManagerReqHand - _cleanupWindowlessSessions - Deleted Session 'bd493ce0-e9c9-11e5-8df2-57c0c2e82595', because windowless
[INFO  - 2016-03-14T09:55:49.070Z] GhostDriver - Main - running on port 13543
[INFO  - 2016-03-14T09:55:49.270Z] Session [ee23fe30-e9ca-11e5-a9e9-bd192c1749e6] - page.settings - {"XSSAuditingEnabled":false,"javascriptCanCloseWindows":true,"javascriptCanOpenWindows":true,"javascriptEnabled":true,"loadImages":true,"localToRemoteUrlAccessEnabled":false,"userAgent":"Mozilla/5.0 (Macintosh; Intel Mac OS X 10_10_1) AppleWebKit/537.36 (KHTML, like Gecko) Chrome/41.0.2227.1 Safari/537.36","webSecurityEnabled":true}
[INFO  - 2016-03-14T09:55:49.270Z] Session [ee23fe30-e9ca-11e5-a9e9-bd192c1749e6] - page.customHeaders:  - {}
[INFO  - 2016-03-14T09:55:49.270Z] Session [ee23fe30-e9ca-11e5-a9e9-bd192c1749e6] - Session.negotiatedCapabilities - {"browserName":"phantomjs","version":"2.1.1","driverName":"ghostdriver","driverVersion":"1.2.0","platform":"mac-10.10 (Yosemite)-64bit","javascriptEnabled":true,"takesScreenshot":true,"handlesAlerts":false,"databaseEnabled":false,"locationContextEnabled":false,"applicationCacheEnabled":false,"browserConnectionEnabled":false,"cssSelectorsEnabled":true,"webStorageEnabled":false,"rotatable":false,"acceptSslCerts":false,"nativeEvents":true,"proxy":{"proxyType":"direct"},"phantomjs.page.settings.userAgent":"Mozilla/5.0 (Macintosh; Intel Mac OS X 10_10_1) AppleWebKit/537.36 (KHTML, like Gecko) Chrome/41.0.2227.1 Safari/537.36"}
[INFO  - 2016-03-14T09:55:49.271Z] SessionManagerReqHand - _postNewSessionCommand - New Session Created: ee23fe30-e9ca-11e5-a9e9-bd192c1749e6
[INFO  - 2016-03-14T09:56:12.208Z] GhostDriver - Main - running on port 42594
[INFO  - 2016-03-14T09:56:12.729Z] Session [fc1f8d60-e9ca-11e5-86d5-b12d4eba2176] - page.settings - {"XSSAuditingEnabled":false,"javascriptCanCloseWindows":true,"javascriptCanOpenWindows":true,"javascriptEnabled":true,"loadImages":true,"localToRemoteUrlAccessEnabled":false,"userAgent":"Mozilla/5.0 (Macintosh; Intel Mac OS X 10_10_1) AppleWebKit/537.36 (KHTML, like Gecko) Chrome/41.0.2227.1 Safari/537.36","webSecurityEnabled":true}
[INFO  - 2016-03-14T09:56:12.729Z] Session [fc1f8d60-e9ca-11e5-86d5-b12d4eba2176] - page.customHeaders:  - {}
[INFO  - 2016-03-14T09:56:12.729Z] Session [fc1f8d60-e9ca-11e5-86d5-b12d4eba2176] - Session.negotiatedCapabilities - {"browserName":"phantomjs","version":"2.1.1","driverName":"ghostdriver","driverVersion":"1.2.0","platform":"mac-10.10 (Yosemite)-64bit","javascriptEnabled":true,"takesScreenshot":true,"handlesAlerts":false,"databaseEnabled":false,"locationContextEnabled":false,"applicationCacheEnabled":false,"browserConnectionEnabled":false,"cssSelectorsEnabled":true,"webStorageEnabled":false,"rotatable":false,"acceptSslCerts":false,"nativeEvents":true,"proxy":{"proxyType":"direct"},"phantomjs.page.settings.userAgent":"Mozilla/5.0 (Macintosh; Intel Mac OS X 10_10_1) AppleWebKit/537.36 (KHTML, like Gecko) Chrome/41.0.2227.1 Safari/537.36"}
[INFO  - 2016-03-14T09:56:12.729Z] SessionManagerReqHand - _postNewSessionCommand - New Session Created: fc1f8d60-e9ca-11e5-86d5-b12d4eba2176
[INFO  - 2016-03-14T10:00:49.146Z] SessionManagerReqHand - _cleanupWindowlessSessions - Asynchronous Sessions clean-up phase starting NOW
[INFO  - 2016-03-14T10:00:49.146Z] SessionManagerReqHand - _cleanupWindowlessSessions - Deleted Session 'ee23fe30-e9ca-11e5-a9e9-bd192c1749e6', because windowless
[INFO  - 2016-03-14T10:01:12.204Z] SessionManagerReqHand - _cleanupWindowlessSessions - Asynchronous Sessions clean-up phase starting NOW
[INFO  - 2016-03-14T10:01:12.205Z] SessionManagerReqHand - _cleanupWindowlessSessions - Deleted Session 'fc1f8d60-e9ca-11e5-86d5-b12d4eba2176', because windowless
[INFO  - 2016-03-15T06:00:45.225Z] GhostDriver - Main - running on port 12949
[INFO  - 2016-03-15T06:00:45.364Z] Session [41f85300-ea73-11e5-a57b-0f432171fedb] - page.settings - {"XSSAuditingEnabled":false,"javascriptCanCloseWindows":true,"javascriptCanOpenWindows":true,"javascriptEnabled":true,"loadImages":true,"localToRemoteUrlAccessEnabled":false,"userAgent":"Mozilla/5.0 (Macintosh; Intel Mac OS X 10_10_1) AppleWebKit/537.36 (KHTML, like Gecko) Chrome/41.0.2227.1 Safari/537.36","webSecurityEnabled":true}
[INFO  - 2016-03-15T06:00:45.365Z] Session [41f85300-ea73-11e5-a57b-0f432171fedb] - page.customHeaders:  - {}
[INFO  - 2016-03-15T06:00:45.365Z] Session [41f85300-ea73-11e5-a57b-0f432171fedb] - Session.negotiatedCapabilities - {"browserName":"phantomjs","version":"2.1.1","driverName":"ghostdriver","driverVersion":"1.2.0","platform":"mac-10.10 (Yosemite)-64bit","javascriptEnabled":true,"takesScreenshot":true,"handlesAlerts":false,"databaseEnabled":false,"locationContextEnabled":false,"applicationCacheEnabled":false,"browserConnectionEnabled":false,"cssSelectorsEnabled":true,"webStorageEnabled":false,"rotatable":false,"acceptSslCerts":false,"nativeEvents":true,"proxy":{"proxyType":"direct"},"phantomjs.page.settings.userAgent":"Mozilla/5.0 (Macintosh; Intel Mac OS X 10_10_1) AppleWebKit/537.36 (KHTML, like Gecko) Chrome/41.0.2227.1 Safari/537.36"}
[INFO  - 2016-03-15T06:00:45.365Z] SessionManagerReqHand - _postNewSessionCommand - New Session Created: 41f85300-ea73-11e5-a57b-0f432171fedb
[ERROR - 2016-03-15T06:00:50.349Z] WebElementLocator - _handleLocateCommand - Element(s) NOT Found: GAVE UP. Search Stop Time: 1458021650317
[INFO  - 2016-03-15T06:05:36.538Z] GhostDriver - Main - running on port 12642
[INFO  - 2016-03-15T06:05:37.021Z] Session [efcf5870-ea73-11e5-91b3-21a66bc5d42f] - page.settings - {"XSSAuditingEnabled":false,"javascriptCanCloseWindows":true,"javascriptCanOpenWindows":true,"javascriptEnabled":true,"loadImages":true,"localToRemoteUrlAccessEnabled":false,"userAgent":"Mozilla/5.0 (Macintosh; Intel Mac OS X 10_10_1) AppleWebKit/537.36 (KHTML, like Gecko) Chrome/41.0.2227.1 Safari/537.36","webSecurityEnabled":true}
[INFO  - 2016-03-15T06:05:37.021Z] Session [efcf5870-ea73-11e5-91b3-21a66bc5d42f] - page.customHeaders:  - {}
[INFO  - 2016-03-15T06:05:37.021Z] Session [efcf5870-ea73-11e5-91b3-21a66bc5d42f] - Session.negotiatedCapabilities - {"browserName":"phantomjs","version":"2.1.1","driverName":"ghostdriver","driverVersion":"1.2.0","platform":"mac-10.10 (Yosemite)-64bit","javascriptEnabled":true,"takesScreenshot":true,"handlesAlerts":false,"databaseEnabled":false,"locationContextEnabled":false,"applicationCacheEnabled":false,"browserConnectionEnabled":false,"cssSelectorsEnabled":true,"webStorageEnabled":false,"rotatable":false,"acceptSslCerts":false,"nativeEvents":true,"proxy":{"proxyType":"direct"},"phantomjs.page.settings.userAgent":"Mozilla/5.0 (Macintosh; Intel Mac OS X 10_10_1) AppleWebKit/537.36 (KHTML, like Gecko) Chrome/41.0.2227.1 Safari/537.36"}
[INFO  - 2016-03-15T06:05:37.021Z] SessionManagerReqHand - _postNewSessionCommand - New Session Created: efcf5870-ea73-11e5-91b3-21a66bc5d42f
[ERROR - 2016-03-15T06:05:41.563Z] WebElementLocator - _handleLocateCommand - Element(s) NOT Found: GAVE UP. Search Stop Time: 1458021941536
[INFO  - 2016-03-15T06:05:45.223Z] SessionManagerReqHand - _cleanupWindowlessSessions - Asynchronous Sessions clean-up phase starting NOW
[INFO  - 2016-03-15T06:05:45.223Z] SessionManagerReqHand - _cleanupWindowlessSessions - Deleted Session '41f85300-ea73-11e5-a57b-0f432171fedb', because windowless
[INFO  - 2016-03-15T06:10:36.594Z] SessionManagerReqHand - _cleanupWindowlessSessions - Asynchronous Sessions clean-up phase starting NOW
[INFO  - 2016-03-15T06:10:36.595Z] SessionManagerReqHand - _cleanupWindowlessSessions - Deleted Session 'efcf5870-ea73-11e5-91b3-21a66bc5d42f', because windowless
[INFO  - 2016-03-15T06:13:59.097Z] GhostDriver - Main - running on port 7456
[INFO  - 2016-03-15T06:13:59.287Z] Session [1b2f3520-ea75-11e5-948d-9f15803d3e47] - page.settings - {"XSSAuditingEnabled":false,"javascriptCanCloseWindows":true,"javascriptCanOpenWindows":true,"javascriptEnabled":true,"loadImages":true,"localToRemoteUrlAccessEnabled":false,"userAgent":"Mozilla/5.0 (Macintosh; Intel Mac OS X 10_10_1) AppleWebKit/537.36 (KHTML, like Gecko) Chrome/41.0.2227.1 Safari/537.36","webSecurityEnabled":true}
[INFO  - 2016-03-15T06:13:59.287Z] Session [1b2f3520-ea75-11e5-948d-9f15803d3e47] - page.customHeaders:  - {}
[INFO  - 2016-03-15T06:13:59.288Z] Session [1b2f3520-ea75-11e5-948d-9f15803d3e47] - Session.negotiatedCapabilities - {"browserName":"phantomjs","version":"2.1.1","driverName":"ghostdriver","driverVersion":"1.2.0","platform":"mac-10.10 (Yosemite)-64bit","javascriptEnabled":true,"takesScreenshot":true,"handlesAlerts":false,"databaseEnabled":false,"locationContextEnabled":false,"applicationCacheEnabled":false,"browserConnectionEnabled":false,"cssSelectorsEnabled":true,"webStorageEnabled":false,"rotatable":false,"acceptSslCerts":false,"nativeEvents":true,"proxy":{"proxyType":"direct"},"phantomjs.page.settings.userAgent":"Mozilla/5.0 (Macintosh; Intel Mac OS X 10_10_1) AppleWebKit/537.36 (KHTML, like Gecko) Chrome/41.0.2227.1 Safari/537.36"}
[INFO  - 2016-03-15T06:13:59.288Z] SessionManagerReqHand - _postNewSessionCommand - New Session Created: 1b2f3520-ea75-11e5-948d-9f15803d3e47
[INFO  - 2016-03-15T06:18:59.595Z] SessionManagerReqHand - _cleanupWindowlessSessions - Asynchronous Sessions clean-up phase starting NOW
[INFO  - 2016-03-15T06:18:59.595Z] SessionManagerReqHand - _cleanupWindowlessSessions - Deleted Session '1b2f3520-ea75-11e5-948d-9f15803d3e47', because windowless
[INFO  - 2016-03-15T09:31:40.735Z] GhostDriver - Main - running on port 3631
[INFO  - 2016-03-15T09:31:40.952Z] Session [b9497f20-ea90-11e5-9218-752c89f1b015] - page.settings - {"XSSAuditingEnabled":false,"javascriptCanCloseWindows":true,"javascriptCanOpenWindows":true,"javascriptEnabled":true,"loadImages":true,"localToRemoteUrlAccessEnabled":false,"userAgent":"Mozilla/5.0 (Macintosh; Intel Mac OS X 10_10_1) AppleWebKit/537.36 (KHTML, like Gecko) Chrome/41.0.2227.1 Safari/537.36","webSecurityEnabled":true}
[INFO  - 2016-03-15T09:31:40.952Z] Session [b9497f20-ea90-11e5-9218-752c89f1b015] - page.customHeaders:  - {}
[INFO  - 2016-03-15T09:31:40.953Z] Session [b9497f20-ea90-11e5-9218-752c89f1b015] - Session.negotiatedCapabilities - {"browserName":"phantomjs","version":"2.1.1","driverName":"ghostdriver","driverVersion":"1.2.0","platform":"mac-10.10 (Yosemite)-64bit","javascriptEnabled":true,"takesScreenshot":true,"handlesAlerts":false,"databaseEnabled":false,"locationContextEnabled":false,"applicationCacheEnabled":false,"browserConnectionEnabled":false,"cssSelectorsEnabled":true,"webStorageEnabled":false,"rotatable":false,"acceptSslCerts":false,"nativeEvents":true,"proxy":{"proxyType":"direct"},"phantomjs.page.settings.userAgent":"Mozilla/5.0 (Macintosh; Intel Mac OS X 10_10_1) AppleWebKit/537.36 (KHTML, like Gecko) Chrome/41.0.2227.1 Safari/537.36"}
[INFO  - 2016-03-15T09:31:40.953Z] SessionManagerReqHand - _postNewSessionCommand - New Session Created: b9497f20-ea90-11e5-9218-752c89f1b015
[INFO  - 2016-03-15T09:35:45.705Z] GhostDriver - Main - running on port 35923
[INFO  - 2016-03-15T09:35:45.899Z] Session [4b497150-ea91-11e5-abd3-6f9384a117ef] - page.settings - {"XSSAuditingEnabled":false,"javascriptCanCloseWindows":true,"javascriptCanOpenWindows":true,"javascriptEnabled":true,"loadImages":true,"localToRemoteUrlAccessEnabled":false,"userAgent":"Mozilla/5.0 (Macintosh; Intel Mac OS X 10_10_1) AppleWebKit/537.36 (KHTML, like Gecko) Chrome/41.0.2227.1 Safari/537.36","webSecurityEnabled":true}
[INFO  - 2016-03-15T09:35:45.899Z] Session [4b497150-ea91-11e5-abd3-6f9384a117ef] - page.customHeaders:  - {}
[INFO  - 2016-03-15T09:35:45.899Z] Session [4b497150-ea91-11e5-abd3-6f9384a117ef] - Session.negotiatedCapabilities - {"browserName":"phantomjs","version":"2.1.1","driverName":"ghostdriver","driverVersion":"1.2.0","platform":"mac-10.10 (Yosemite)-64bit","javascriptEnabled":true,"takesScreenshot":true,"handlesAlerts":false,"databaseEnabled":false,"locationContextEnabled":false,"applicationCacheEnabled":false,"browserConnectionEnabled":false,"cssSelectorsEnabled":true,"webStorageEnabled":false,"rotatable":false,"acceptSslCerts":false,"nativeEvents":true,"proxy":{"proxyType":"direct"},"phantomjs.page.settings.userAgent":"Mozilla/5.0 (Macintosh; Intel Mac OS X 10_10_1) AppleWebKit/537.36 (KHTML, like Gecko) Chrome/41.0.2227.1 Safari/537.36"}
[INFO  - 2016-03-15T09:35:45.899Z] SessionManagerReqHand - _postNewSessionCommand - New Session Created: 4b497150-ea91-11e5-abd3-6f9384a117ef
[INFO  - 2016-03-15T09:36:40.863Z] SessionManagerReqHand - _cleanupWindowlessSessions - Asynchronous Sessions clean-up phase starting NOW
[INFO  - 2016-03-15T09:36:40.864Z] SessionManagerReqHand - _cleanupWindowlessSessions - Deleted Session 'b9497f20-ea90-11e5-9218-752c89f1b015', because windowless
[INFO  - 2016-03-15T09:40:45.863Z] SessionManagerReqHand - _cleanupWindowlessSessions - Asynchronous Sessions clean-up phase starting NOW
[INFO  - 2016-03-15T09:40:45.864Z] SessionManagerReqHand - _cleanupWindowlessSessions - Deleted Session '4b497150-ea91-11e5-abd3-6f9384a117ef', because windowless
[INFO  - 2016-03-15T11:00:52.745Z] GhostDriver - Main - running on port 38763
[INFO  - 2016-03-15T11:00:52.905Z] Session [2f4cb730-ea9d-11e5-b4e2-49f567213395] - page.settings - {"XSSAuditingEnabled":false,"javascriptCanCloseWindows":true,"javascriptCanOpenWindows":true,"javascriptEnabled":true,"loadImages":true,"localToRemoteUrlAccessEnabled":false,"userAgent":"Mozilla/5.0 (Macintosh; Intel Mac OS X 10_10_1) AppleWebKit/537.36 (KHTML, like Gecko) Chrome/41.0.2227.1 Safari/537.36","webSecurityEnabled":true}
[INFO  - 2016-03-15T11:00:52.905Z] Session [2f4cb730-ea9d-11e5-b4e2-49f567213395] - page.customHeaders:  - {}
[INFO  - 2016-03-15T11:00:52.905Z] Session [2f4cb730-ea9d-11e5-b4e2-49f567213395] - Session.negotiatedCapabilities - {"browserName":"phantomjs","version":"2.1.1","driverName":"ghostdriver","driverVersion":"1.2.0","platform":"mac-10.10 (Yosemite)-64bit","javascriptEnabled":true,"takesScreenshot":true,"handlesAlerts":false,"databaseEnabled":false,"locationContextEnabled":false,"applicationCacheEnabled":false,"browserConnectionEnabled":false,"cssSelectorsEnabled":true,"webStorageEnabled":false,"rotatable":false,"acceptSslCerts":false,"nativeEvents":true,"proxy":{"proxyType":"direct"},"phantomjs.page.settings.userAgent":"Mozilla/5.0 (Macintosh; Intel Mac OS X 10_10_1) AppleWebKit/537.36 (KHTML, like Gecko) Chrome/41.0.2227.1 Safari/537.36"}
[INFO  - 2016-03-15T11:00:52.905Z] SessionManagerReqHand - _postNewSessionCommand - New Session Created: 2f4cb730-ea9d-11e5-b4e2-49f567213395
[INFO  - 2016-03-15T11:05:52.758Z] SessionManagerReqHand - _cleanupWindowlessSessions - Asynchronous Sessions clean-up phase starting NOW
[INFO  - 2016-03-15T11:05:52.758Z] SessionManagerReqHand - _cleanupWindowlessSessions - Deleted Session '2f4cb730-ea9d-11e5-b4e2-49f567213395', because windowless
[INFO  - 2016-03-15T11:09:04.931Z] GhostDriver - Main - running on port 13207
[INFO  - 2016-03-15T11:09:05.149Z] Session [54b30960-ea9e-11e5-ba83-83e905ddad17] - page.settings - {"XSSAuditingEnabled":false,"javascriptCanCloseWindows":true,"javascriptCanOpenWindows":true,"javascriptEnabled":true,"loadImages":true,"localToRemoteUrlAccessEnabled":false,"userAgent":"Mozilla/5.0 (Macintosh; Intel Mac OS X 10_10_1) AppleWebKit/537.36 (KHTML, like Gecko) Chrome/41.0.2227.1 Safari/537.36","webSecurityEnabled":true}
[INFO  - 2016-03-15T11:09:05.149Z] Session [54b30960-ea9e-11e5-ba83-83e905ddad17] - page.customHeaders:  - {}
[INFO  - 2016-03-15T11:09:05.149Z] Session [54b30960-ea9e-11e5-ba83-83e905ddad17] - Session.negotiatedCapabilities - {"browserName":"phantomjs","version":"2.1.1","driverName":"ghostdriver","driverVersion":"1.2.0","platform":"mac-10.10 (Yosemite)-64bit","javascriptEnabled":true,"takesScreenshot":true,"handlesAlerts":false,"databaseEnabled":false,"locationContextEnabled":false,"applicationCacheEnabled":false,"browserConnectionEnabled":false,"cssSelectorsEnabled":true,"webStorageEnabled":false,"rotatable":false,"acceptSslCerts":false,"nativeEvents":true,"proxy":{"proxyType":"direct"},"phantomjs.page.settings.userAgent":"Mozilla/5.0 (Macintosh; Intel Mac OS X 10_10_1) AppleWebKit/537.36 (KHTML, like Gecko) Chrome/41.0.2227.1 Safari/537.36"}
[INFO  - 2016-03-15T11:09:05.150Z] SessionManagerReqHand - _postNewSessionCommand - New Session Created: 54b30960-ea9e-11e5-ba83-83e905ddad17
[INFO  - 2016-03-15T12:17:40.515Z] SessionManagerReqHand - _cleanupWindowlessSessions - Asynchronous Sessions clean-up phase starting NOW
[INFO  - 2016-03-15T12:17:40.515Z] SessionManagerReqHand - _cleanupWindowlessSessions - Deleted Session '54b30960-ea9e-11e5-ba83-83e905ddad17', because windowless
